[07-Jun-2019 21:53:41 UTC] PHP Warning:  PHP Startup: Unable to load dynamic library 'apcu.so' (tried: /usr/local/lib/php/20170718/apcu.so (Cannot open "/usr/local/lib/php/20170718/apcu.so"), /usr/local/lib/php/20170718/apcu.so.so (Cannot open "/usr/local/lib/php/20170718/apcu.so.so")) in Unknown on line 0
[07-Jun-2019 21:53:41 UTC] PHP Warning:  PHP Startup: Unable to load dynamic library 'pdf.so' (tried: /usr/local/lib/php/20170718/pdf.so (Shared object "libpdf.so.6" not found, required by "pdf.so"), /usr/local/lib/php/20170718/pdf.so.so (Cannot open "/usr/local/lib/php/20170718/pdf.so.so")) in Unknown on line 0
[07-Jun-2019 17:53:41 America/New_York] PHP Fatal error:  Uncaught Error: Call to undefined function Aws\ClientSideMonitoring\filter_var() in /usr/home/gustavo.assuncao/public_html/iot/aws/Aws/ClientSideMonitoring/Configuration.php:19
Stack trace:
#0 /usr/home/gustavo.assuncao/public_html/iot/aws/Aws/ClientSideMonitoring/ConfigurationProvider.php(190): Aws\ClientSideMonitoring\Configuration->__construct(false, 31000, '')
#1 /usr/home/gustavo.assuncao/public_html/iot/aws/GuzzleHttp/Promise/Promise.php(203): Aws\ClientSideMonitoring\ConfigurationProvider::Aws\ClientSideMonitoring\{closure}(Object(Aws\ClientSideMonitoring\Exception\ConfigurationException))
#2 /usr/home/gustavo.assuncao/public_html/iot/aws/GuzzleHttp/Promise/Promise.php(174): GuzzleHttp\Promise\Promise::callHandler(2, Object(Aws\ClientSideMonitoring\Exception\ConfigurationException), Array)
#3 /usr/home/gustavo.assuncao/public_html/iot/aws/GuzzleHttp/Promise/RejectedPromise.php(40): GuzzleHttp\Promise\Promise::GuzzleHttp\Promise\{closure}(Object(Aws\ClientSideMonitoring\Exception\ConfigurationException) in /usr/home/gustavo.assuncao/public_html/iot/aws/Aws/ClientSideMonitoring/Configuration.php on line 19
[07-Jun-2019 21:56:55 UTC] PHP Warning:  PHP Startup: Unable to load dynamic library 'apcu.so' (tried: /usr/local/lib/php/20170718/apcu.so (Cannot open "/usr/local/lib/php/20170718/apcu.so"), /usr/local/lib/php/20170718/apcu.so.so (Cannot open "/usr/local/lib/php/20170718/apcu.so.so")) in Unknown on line 0
[07-Jun-2019 21:56:55 UTC] PHP Warning:  PHP Startup: Unable to load dynamic library 'pdf.so' (tried: /usr/local/lib/php/20170718/pdf.so (Shared object "libpdf.so.6" not found, required by "pdf.so"), /usr/local/lib/php/20170718/pdf.so.so (Cannot open "/usr/local/lib/php/20170718/pdf.so.so")) in Unknown on line 0
[07-Jun-2019 21:56:55 UTC] PHP Warning:  require(vendor/autoloader.php): failed to open stream: No such file or directory in /usr/home/gustavo.assuncao/public_html/iot/garage.php on line 3
[07-Jun-2019 21:56:55 UTC] PHP Fatal error:  require(): Failed opening required 'vendor/autoloader.php' (include_path='.:/usr/local/share/pear') in /usr/home/gustavo.assuncao/public_html/iot/garage.php on line 3
[07-Jun-2019 21:57:15 UTC] PHP Warning:  PHP Startup: Unable to load dynamic library 'apcu.so' (tried: /usr/local/lib/php/20170718/apcu.so (Cannot open "/usr/local/lib/php/20170718/apcu.so"), /usr/local/lib/php/20170718/apcu.so.so (Cannot open "/usr/local/lib/php/20170718/apcu.so.so")) in Unknown on line 0
[07-Jun-2019 21:57:15 UTC] PHP Warning:  PHP Startup: Unable to load dynamic library 'pdf.so' (tried: /usr/local/lib/php/20170718/pdf.so (Shared object "libpdf.so.6" not found, required by "pdf.so"), /usr/local/lib/php/20170718/pdf.so.so (Cannot open "/usr/local/lib/php/20170718/pdf.so.so")) in Unknown on line 0
[07-Jun-2019 21:57:15 UTC] PHP Warning:  require(vendor/autoload.php): failed to open stream: No such file or directory in /usr/home/gustavo.assuncao/public_html/iot/garage.php on line 3
[07-Jun-2019 21:57:15 UTC] PHP Fatal error:  require(): Failed opening required 'vendor/autoload.php' (include_path='.:/usr/local/share/pear') in /usr/home/gustavo.assuncao/public_html/iot/garage.php on line 3
[07-Jun-2019 21:57:16 UTC] PHP Warning:  PHP Startup: Unable to load dynamic library 'apcu.so' (tried: /usr/local/lib/php/20170718/apcu.so (Cannot open "/usr/local/lib/php/20170718/apcu.so"), /usr/local/lib/php/20170718/apcu.so.so (Cannot open "/usr/local/lib/php/20170718/apcu.so.so")) in Unknown on line 0
[07-Jun-2019 21:57:16 UTC] PHP Warning:  PHP Startup: Unable to load dynamic library 'pdf.so' (tried: /usr/local/lib/php/20170718/pdf.so (Shared object "libpdf.so.6" not found, required by "pdf.so"), /usr/local/lib/php/20170718/pdf.so.so (Cannot open "/usr/local/lib/php/20170718/pdf.so.so")) in Unknown on line 0
[07-Jun-2019 21:57:16 UTC] PHP Warning:  require(vendor/autoload.php): failed to open stream: No such file or directory in /usr/home/gustavo.assuncao/public_html/iot/garage.php on line 3
[07-Jun-2019 21:57:16 UTC] PHP Fatal error:  require(): Failed opening required 'vendor/autoload.php' (include_path='.:/usr/local/share/pear') in /usr/home/gustavo.assuncao/public_html/iot/garage.php on line 3
[07-Jun-2019 21:57:59 UTC] PHP Warning:  PHP Startup: Unable to load dynamic library 'apcu.so' (tried: /usr/local/lib/php/20170718/apcu.so (Cannot open "/usr/local/lib/php/20170718/apcu.so"), /usr/local/lib/php/20170718/apcu.so.so (Cannot open "/usr/local/lib/php/20170718/apcu.so.so")) in Unknown on line 0
[07-Jun-2019 21:57:59 UTC] PHP Warning:  PHP Startup: Unable to load dynamic library 'pdf.so' (tried: /usr/local/lib/php/20170718/pdf.so (Shared object "libpdf.so.6" not found, required by "pdf.so"), /usr/local/lib/php/20170718/pdf.so.so (Cannot open "/usr/local/lib/php/20170718/pdf.so.so")) in Unknown on line 0
[07-Jun-2019 21:57:59 UTC] PHP Warning:  require(vendor/autoload.php): failed to open stream: No such file or directory in /usr/home/gustavo.assuncao/public_html/iot/garage.php on line 3
[07-Jun-2019 21:57:59 UTC] PHP Fatal error:  require(): Failed opening required 'vendor/autoload.php' (include_path='.:/usr/local/share/pear') in /usr/home/gustavo.assuncao/public_html/iot/garage.php on line 3
[07-Jun-2019 21:58:00 UTC] PHP Warning:  PHP Startup: Unable to load dynamic library 'apcu.so' (tried: /usr/local/lib/php/20170718/apcu.so (Cannot open "/usr/local/lib/php/20170718/apcu.so"), /usr/local/lib/php/20170718/apcu.so.so (Cannot open "/usr/local/lib/php/20170718/apcu.so.so")) in Unknown on line 0
[07-Jun-2019 21:58:00 UTC] PHP Warning:  PHP Startup: Unable to load dynamic library 'pdf.so' (tried: /usr/local/lib/php/20170718/pdf.so (Shared object "libpdf.so.6" not found, required by "pdf.so"), /usr/local/lib/php/20170718/pdf.so.so (Cannot open "/usr/local/lib/php/20170718/pdf.so.so")) in Unknown on line 0
[07-Jun-2019 21:58:00 UTC] PHP Warning:  require(vendor/autoload.php): failed to open stream: No such file or directory in /usr/home/gustavo.assuncao/public_html/iot/garage.php on line 3
[07-Jun-2019 21:58:00 UTC] PHP Fatal error:  require(): Failed opening required 'vendor/autoload.php' (include_path='.:/usr/local/share/pear') in /usr/home/gustavo.assuncao/public_html/iot/garage.php on line 3
[07-Jun-2019 21:59:24 UTC] PHP Warning:  PHP Startup: Unable to load dynamic library 'apcu.so' (tried: /usr/local/lib/php/20170718/apcu.so (Cannot open "/usr/local/lib/php/20170718/apcu.so"), /usr/local/lib/php/20170718/apcu.so.so (Cannot open "/usr/local/lib/php/20170718/apcu.so.so")) in Unknown on line 0
[07-Jun-2019 21:59:24 UTC] PHP Warning:  PHP Startup: Unable to load dynamic library 'pdf.so' (tried: /usr/local/lib/php/20170718/pdf.so (Shared object "libpdf.so.6" not found, required by "pdf.so"), /usr/local/lib/php/20170718/pdf.so.so (Cannot open "/usr/local/lib/php/20170718/pdf.so.so")) in Unknown on line 0
[07-Jun-2019 22:00:52 UTC] PHP Warning:  PHP Startup: Unable to load dynamic library 'apcu.so' (tried: /usr/local/lib/php/20170718/apcu.so (Cannot open "/usr/local/lib/php/20170718/apcu.so"), /usr/local/lib/php/20170718/apcu.so.so (Cannot open "/usr/local/lib/php/20170718/apcu.so.so")) in Unknown on line 0
[07-Jun-2019 22:00:52 UTC] PHP Warning:  PHP Startup: Unable to load dynamic library 'pdf.so' (tried: /usr/local/lib/php/20170718/pdf.so (Shared object "libpdf.so.6" not found, required by "pdf.so"), /usr/local/lib/php/20170718/pdf.so.so (Cannot open "/usr/local/lib/php/20170718/pdf.so.so")) in Unknown on line 0
[07-Jun-2019 22:01:11 UTC] PHP Warning:  PHP Startup: Unable to load dynamic library 'apcu.so' (tried: /usr/local/lib/php/20170718/apcu.so (Cannot open "/usr/local/lib/php/20170718/apcu.so"), /usr/local/lib/php/20170718/apcu.so.so (Cannot open "/usr/local/lib/php/20170718/apcu.so.so")) in Unknown on line 0
[07-Jun-2019 22:01:11 UTC] PHP Warning:  PHP Startup: Unable to load dynamic library 'pdf.so' (tried: /usr/local/lib/php/20170718/pdf.so (Shared object "libpdf.so.6" not found, required by "pdf.so"), /usr/local/lib/php/20170718/pdf.so.so (Cannot open "/usr/local/lib/php/20170718/pdf.so.so")) in Unknown on line 0
[07-Jun-2019 22:02:54 UTC] PHP Warning:  PHP Startup: Unable to load dynamic library 'apcu.so' (tried: /usr/local/lib/php/20170718/apcu.so (Cannot open "/usr/local/lib/php/20170718/apcu.so"), /usr/local/lib/php/20170718/apcu.so.so (Cannot open "/usr/local/lib/php/20170718/apcu.so.so")) in Unknown on line 0
[07-Jun-2019 22:02:54 UTC] PHP Warning:  PHP Startup: Unable to load dynamic library 'pdf.so' (tried: /usr/local/lib/php/20170718/pdf.so (Shared object "libpdf.so.6" not found, required by "pdf.so"), /usr/local/lib/php/20170718/pdf.so.so (Cannot open "/usr/local/lib/php/20170718/pdf.so.so")) in Unknown on line 0
[07-Jun-2019 22:03:07 UTC] PHP Warning:  PHP Startup: Unable to load dynamic library 'apcu.so' (tried: /usr/local/lib/php/20170718/apcu.so (Cannot open "/usr/local/lib/php/20170718/apcu.so"), /usr/local/lib/php/20170718/apcu.so.so (Cannot open "/usr/local/lib/php/20170718/apcu.so.so")) in Unknown on line 0
[07-Jun-2019 22:03:07 UTC] PHP Warning:  PHP Startup: Unable to load dynamic library 'pdf.so' (tried: /usr/local/lib/php/20170718/pdf.so (Shared object "libpdf.so.6" not found, required by "pdf.so"), /usr/local/lib/php/20170718/pdf.so.so (Cannot open "/usr/local/lib/php/20170718/pdf.so.so")) in Unknown on line 0
[07-Jun-2019 22:03:16 UTC] PHP Warning:  PHP Startup: Unable to load dynamic library 'apcu.so' (tried: /usr/local/lib/php/20170718/apcu.so (Cannot open "/usr/local/lib/php/20170718/apcu.so"), /usr/local/lib/php/20170718/apcu.so.so (Cannot open "/usr/local/lib/php/20170718/apcu.so.so")) in Unknown on line 0
[07-Jun-2019 22:03:16 UTC] PHP Warning:  PHP Startup: Unable to load dynamic library 'pdf.so' (tried: /usr/local/lib/php/20170718/pdf.so (Shared object "libpdf.so.6" not found, required by "pdf.so"), /usr/local/lib/php/20170718/pdf.so.so (Cannot open "/usr/local/lib/php/20170718/pdf.so.so")) in Unknown on line 0
[07-Jun-2019 22:03:48 UTC] PHP Warning:  PHP Startup: Unable to load dynamic library 'apcu.so' (tried: /usr/local/lib/php/20170718/apcu.so (Cannot open "/usr/local/lib/php/20170718/apcu.so"), /usr/local/lib/php/20170718/apcu.so.so (Cannot open "/usr/local/lib/php/20170718/apcu.so.so")) in Unknown on line 0
[07-Jun-2019 22:03:48 UTC] PHP Warning:  PHP Startup: Unable to load dynamic library 'pdf.so' (tried: /usr/local/lib/php/20170718/pdf.so (Shared object "libpdf.so.6" not found, required by "pdf.so"), /usr/local/lib/php/20170718/pdf.so.so (Cannot open "/usr/local/lib/php/20170718/pdf.so.so")) in Unknown on line 0
[07-Jun-2019 22:13:24 UTC] PHP Warning:  PHP Startup: Unable to load dynamic library 'apcu.so' (tried: /usr/local/lib/php/20170718/apcu.so (Cannot open "/usr/local/lib/php/20170718/apcu.so"), /usr/local/lib/php/20170718/apcu.so.so (Cannot open "/usr/local/lib/php/20170718/apcu.so.so")) in Unknown on line 0
[07-Jun-2019 22:13:24 UTC] PHP Warning:  PHP Startup: Unable to load dynamic library 'pdf.so' (tried: /usr/local/lib/php/20170718/pdf.so (Shared object "libpdf.so.6" not found, required by "pdf.so"), /usr/local/lib/php/20170718/pdf.so.so (Cannot open "/usr/local/lib/php/20170718/pdf.so.so")) in Unknown on line 0
[07-Jun-2019 22:15:44 UTC] PHP Warning:  PHP Startup: Unable to load dynamic library 'apcu.so' (tried: /usr/local/lib/php/20170718/apcu.so (Cannot open "/usr/local/lib/php/20170718/apcu.so"), /usr/local/lib/php/20170718/apcu.so.so (Cannot open "/usr/local/lib/php/20170718/apcu.so.so")) in Unknown on line 0
[07-Jun-2019 22:15:44 UTC] PHP Warning:  PHP Startup: Unable to load dynamic library 'pdf.so' (tried: /usr/local/lib/php/20170718/pdf.so (Shared object "libpdf.so.6" not found, required by "pdf.so"), /usr/local/lib/php/20170718/pdf.so.so (Cannot open "/usr/local/lib/php/20170718/pdf.so.so")) in Unknown on line 0
[07-Jun-2019 22:57:30 UTC] PHP Warning:  PHP Startup: Unable to load dynamic library 'apcu.so' (tried: /usr/local/lib/php/20170718/apcu.so (Cannot open "/usr/local/lib/php/20170718/apcu.so"), /usr/local/lib/php/20170718/apcu.so.so (Cannot open "/usr/local/lib/php/20170718/apcu.so.so")) in Unknown on line 0
[07-Jun-2019 22:57:30 UTC] PHP Warning:  PHP Startup: Unable to load dynamic library 'pdf.so' (tried: /usr/local/lib/php/20170718/pdf.so (Shared object "libpdf.so.6" not found, required by "pdf.so"), /usr/local/lib/php/20170718/pdf.so.so (Cannot open "/usr/local/lib/php/20170718/pdf.so.so")) in Unknown on line 0
[07-Jun-2019 22:57:49 UTC] PHP Warning:  PHP Startup: Unable to load dynamic library 'apcu.so' (tried: /usr/local/lib/php/20170718/apcu.so (Cannot open "/usr/local/lib/php/20170718/apcu.so"), /usr/local/lib/php/20170718/apcu.so.so (Cannot open "/usr/local/lib/php/20170718/apcu.so.so")) in Unknown on line 0
[07-Jun-2019 22:57:49 UTC] PHP Warning:  PHP Startup: Unable to load dynamic library 'pdf.so' (tried: /usr/local/lib/php/20170718/pdf.so (Shared object "libpdf.so.6" not found, required by "pdf.so"), /usr/local/lib/php/20170718/pdf.so.so (Cannot open "/usr/local/lib/php/20170718/pdf.so.so")) in Unknown on line 0
[07-Jun-2019 23:00:27 UTC] PHP Warning:  PHP Startup: Unable to load dynamic library 'apcu.so' (tried: /usr/local/lib/php/20170718/apcu.so (Cannot open "/usr/local/lib/php/20170718/apcu.so"), /usr/local/lib/php/20170718/apcu.so.so (Cannot open "/usr/local/lib/php/20170718/apcu.so.so")) in Unknown on line 0
[07-Jun-2019 23:00:27 UTC] PHP Warning:  PHP Startup: Unable to load dynamic library 'pdf.so' (tried: /usr/local/lib/php/20170718/pdf.so (Shared object "libpdf.so.6" not found, required by "pdf.so"), /usr/local/lib/php/20170718/pdf.so.so (Cannot open "/usr/local/lib/php/20170718/pdf.so.so")) in Unknown on line 0
[07-Jun-2019 23:00:37 UTC] PHP Warning:  PHP Startup: Unable to load dynamic library 'apcu.so' (tried: /usr/local/lib/php/20170718/apcu.so (Cannot open "/usr/local/lib/php/20170718/apcu.so"), /usr/local/lib/php/20170718/apcu.so.so (Cannot open "/usr/local/lib/php/20170718/apcu.so.so")) in Unknown on line 0
[07-Jun-2019 23:00:37 UTC] PHP Warning:  PHP Startup: Unable to load dynamic library 'pdf.so' (tried: /usr/local/lib/php/20170718/pdf.so (Shared object "libpdf.so.6" not found, required by "pdf.so"), /usr/local/lib/php/20170718/pdf.so.so (Cannot open "/usr/local/lib/php/20170718/pdf.so.so")) in Unknown on line 0
[07-Jun-2019 23:00:46 UTC] PHP Warning:  PHP Startup: Unable to load dynamic library 'apcu.so' (tried: /usr/local/lib/php/20170718/apcu.so (Cannot open "/usr/local/lib/php/20170718/apcu.so"), /usr/local/lib/php/20170718/apcu.so.so (Cannot open "/usr/local/lib/php/20170718/apcu.so.so")) in Unknown on line 0
[07-Jun-2019 23:00:46 UTC] PHP Warning:  PHP Startup: Unable to load dynamic library 'pdf.so' (tried: /usr/local/lib/php/20170718/pdf.so (Shared object "libpdf.so.6" not found, required by "pdf.so"), /usr/local/lib/php/20170718/pdf.so.so (Cannot open "/usr/local/lib/php/20170718/pdf.so.so")) in Unknown on line 0
[07-Jun-2019 23:01:07 UTC] PHP Warning:  PHP Startup: Unable to load dynamic library 'apcu.so' (tried: /usr/local/lib/php/20170718/apcu.so (Cannot open "/usr/local/lib/php/20170718/apcu.so"), /usr/local/lib/php/20170718/apcu.so.so (Cannot open "/usr/local/lib/php/20170718/apcu.so.so")) in Unknown on line 0
[07-Jun-2019 23:01:07 UTC] PHP Warning:  PHP Startup: Unable to load dynamic library 'pdf.so' (tried: /usr/local/lib/php/20170718/pdf.so (Shared object "libpdf.so.6" not found, required by "pdf.so"), /usr/local/lib/php/20170718/pdf.so.so (Cannot open "/usr/local/lib/php/20170718/pdf.so.so")) in Unknown on line 0
[07-Jun-2019 23:01:59 UTC] PHP Warning:  PHP Startup: Unable to load dynamic library 'apcu.so' (tried: /usr/local/lib/php/20170718/apcu.so (Cannot open "/usr/local/lib/php/20170718/apcu.so"), /usr/local/lib/php/20170718/apcu.so.so (Cannot open "/usr/local/lib/php/20170718/apcu.so.so")) in Unknown on line 0
[07-Jun-2019 23:02:00 UTC] PHP Warning:  PHP Startup: Unable to load dynamic library 'pdf.so' (tried: /usr/local/lib/php/20170718/pdf.so (Shared object "libpdf.so.6" not found, required by "pdf.so"), /usr/local/lib/php/20170718/pdf.so.so (Cannot open "/usr/local/lib/php/20170718/pdf.so.so")) in Unknown on line 0
[07-Jun-2019 23:02:15 UTC] PHP Warning:  PHP Startup: Unable to load dynamic library 'apcu.so' (tried: /usr/local/lib/php/20170718/apcu.so (Cannot open "/usr/local/lib/php/20170718/apcu.so"), /usr/local/lib/php/20170718/apcu.so.so (Cannot open "/usr/local/lib/php/20170718/apcu.so.so")) in Unknown on line 0
[07-Jun-2019 23:02:15 UTC] PHP Warning:  PHP Startup: Unable to load dynamic library 'pdf.so' (tried: /usr/local/lib/php/20170718/pdf.so (Shared object "libpdf.so.6" not found, required by "pdf.so"), /usr/local/lib/php/20170718/pdf.so.so (Cannot open "/usr/local/lib/php/20170718/pdf.so.so")) in Unknown on line 0
[07-Jun-2019 23:02:35 UTC] PHP Warning:  PHP Startup: Unable to load dynamic library 'apcu.so' (tried: /usr/local/lib/php/20170718/apcu.so (Cannot open "/usr/local/lib/php/20170718/apcu.so"), /usr/local/lib/php/20170718/apcu.so.so (Cannot open "/usr/local/lib/php/20170718/apcu.so.so")) in Unknown on line 0
[07-Jun-2019 23:02:36 UTC] PHP Warning:  PHP Startup: Unable to load dynamic library 'pdf.so' (tried: /usr/local/lib/php/20170718/pdf.so (Shared object "libpdf.so.6" not found, required by "pdf.so"), /usr/local/lib/php/20170718/pdf.so.so (Cannot open "/usr/local/lib/php/20170718/pdf.so.so")) in Unknown on line 0
[07-Jun-2019 23:02:53 UTC] PHP Warning:  PHP Startup: Unable to load dynamic library 'apcu.so' (tried: /usr/local/lib/php/20170718/apcu.so (Cannot open "/usr/local/lib/php/20170718/apcu.so"), /usr/local/lib/php/20170718/apcu.so.so (Cannot open "/usr/local/lib/php/20170718/apcu.so.so")) in Unknown on line 0
[07-Jun-2019 23:02:53 UTC] PHP Warning:  PHP Startup: Unable to load dynamic library 'pdf.so' (tried: /usr/local/lib/php/20170718/pdf.so (Shared object "libpdf.so.6" not found, required by "pdf.so"), /usr/local/lib/php/20170718/pdf.so.so (Cannot open "/usr/local/lib/php/20170718/pdf.so.so")) in Unknown on line 0
[07-Jun-2019 23:03:09 UTC] PHP Warning:  PHP Startup: Unable to load dynamic library 'apcu.so' (tried: /usr/local/lib/php/20170718/apcu.so (Cannot open "/usr/local/lib/php/20170718/apcu.so"), /usr/local/lib/php/20170718/apcu.so.so (Cannot open "/usr/local/lib/php/20170718/apcu.so.so")) in Unknown on line 0
[07-Jun-2019 23:03:09 UTC] PHP Warning:  PHP Startup: Unable to load dynamic library 'pdf.so' (tried: /usr/local/lib/php/20170718/pdf.so (Shared object "libpdf.so.6" not found, required by "pdf.so"), /usr/local/lib/php/20170718/pdf.so.so (Cannot open "/usr/local/lib/php/20170718/pdf.so.so")) in Unknown on line 0
[07-Jun-2019 23:03:20 UTC] PHP Warning:  PHP Startup: Unable to load dynamic library 'apcu.so' (tried: /usr/local/lib/php/20170718/apcu.so (Cannot open "/usr/local/lib/php/20170718/apcu.so"), /usr/local/lib/php/20170718/apcu.so.so (Cannot open "/usr/local/lib/php/20170718/apcu.so.so")) in Unknown on line 0
[07-Jun-2019 23:03:20 UTC] PHP Warning:  PHP Startup: Unable to load dynamic library 'pdf.so' (tried: /usr/local/lib/php/20170718/pdf.so (Shared object "libpdf.so.6" not found, required by "pdf.so"), /usr/local/lib/php/20170718/pdf.so.so (Cannot open "/usr/local/lib/php/20170718/pdf.so.so")) in Unknown on line 0
[07-Jun-2019 23:04:11 UTC] PHP Warning:  PHP Startup: Unable to load dynamic library 'apcu.so' (tried: /usr/local/lib/php/20170718/apcu.so (Cannot open "/usr/local/lib/php/20170718/apcu.so"), /usr/local/lib/php/20170718/apcu.so.so (Cannot open "/usr/local/lib/php/20170718/apcu.so.so")) in Unknown on line 0
[07-Jun-2019 23:04:11 UTC] PHP Warning:  PHP Startup: Unable to load dynamic library 'pdf.so' (tried: /usr/local/lib/php/20170718/pdf.so (Shared object "libpdf.so.6" not found, required by "pdf.so"), /usr/local/lib/php/20170718/pdf.so.so (Cannot open "/usr/local/lib/php/20170718/pdf.so.so")) in Unknown on line 0
[07-Jun-2019 22:57:43 UTC] PHP Warning:  PHP Startup: Unable to load dynamic library 'apcu.so' (tried: /usr/local/lib/php/20170718/apcu.so (Cannot open "/usr/local/lib/php/20170718/apcu.so"), /usr/local/lib/php/20170718/apcu.so.so (Cannot open "/usr/local/lib/php/20170718/apcu.so.so")) in Unknown on line 0
[07-Jun-2019 22:57:43 UTC] PHP Warning:  PHP Startup: Unable to load dynamic library 'pdf.so' (tried: /usr/local/lib/php/20170718/pdf.so (Shared object "libpdf.so.6" not found, required by "pdf.so"), /usr/local/lib/php/20170718/pdf.so.so (Cannot open "/usr/local/lib/php/20170718/pdf.so.so")) in Unknown on line 0
[07-Jun-2019 22:58:44 UTC] PHP Warning:  PHP Startup: Unable to load dynamic library 'apcu.so' (tried: /usr/local/lib/php/20170718/apcu.so (Cannot open "/usr/local/lib/php/20170718/apcu.so"), /usr/local/lib/php/20170718/apcu.so.so (Cannot open "/usr/local/lib/php/20170718/apcu.so.so")) in Unknown on line 0
[07-Jun-2019 22:58:44 UTC] PHP Warning:  PHP Startup: Unable to load dynamic library 'pdf.so' (tried: /usr/local/lib/php/20170718/pdf.so (Shared object "libpdf.so.6" not found, required by "pdf.so"), /usr/local/lib/php/20170718/pdf.so.so (Cannot open "/usr/local/lib/php/20170718/pdf.so.so")) in Unknown on line 0
[08-Jun-2019 09:59:30 UTC] PHP Warning:  PHP Startup: Unable to load dynamic library 'apcu.so' (tried: /usr/local/lib/php/20170718/apcu.so (Cannot open "/usr/local/lib/php/20170718/apcu.so"), /usr/local/lib/php/20170718/apcu.so.so (Cannot open "/usr/local/lib/php/20170718/apcu.so.so")) in Unknown on line 0
[08-Jun-2019 09:59:30 UTC] PHP Warning:  PHP Startup: Unable to load dynamic library 'pdf.so' (tried: /usr/local/lib/php/20170718/pdf.so (Shared object "libpdf.so.6" not found, required by "pdf.so"), /usr/local/lib/php/20170718/pdf.so.so (Cannot open "/usr/local/lib/php/20170718/pdf.so.so")) in Unknown on line 0
[08-Jun-2019 10:05:16 UTC] PHP Warning:  PHP Startup: Unable to load dynamic library 'apcu.so' (tried: /usr/local/lib/php/20170718/apcu.so (Cannot open "/usr/local/lib/php/20170718/apcu.so"), /usr/local/lib/php/20170718/apcu.so.so (Cannot open "/usr/local/lib/php/20170718/apcu.so.so")) in Unknown on line 0
[08-Jun-2019 10:05:16 UTC] PHP Warning:  PHP Startup: Unable to load dynamic library 'pdf.so' (tried: /usr/local/lib/php/20170718/pdf.so (Shared object "libpdf.so.6" not found, required by "pdf.so"), /usr/local/lib/php/20170718/pdf.so.so (Cannot open "/usr/local/lib/php/20170718/pdf.so.so")) in Unknown on line 0
[08-Jun-2019 12:16:47 UTC] PHP Warning:  PHP Startup: Unable to load dynamic library 'apcu.so' (tried: /usr/local/lib/php/20170718/apcu.so (Cannot open "/usr/local/lib/php/20170718/apcu.so"), /usr/local/lib/php/20170718/apcu.so.so (Cannot open "/usr/local/lib/php/20170718/apcu.so.so")) in Unknown on line 0
[08-Jun-2019 12:16:47 UTC] PHP Warning:  PHP Startup: Unable to load dynamic library 'pdf.so' (tried: /usr/local/lib/php/20170718/pdf.so (Shared object "libpdf.so.6" not found, required by "pdf.so"), /usr/local/lib/php/20170718/pdf.so.so (Cannot open "/usr/local/lib/php/20170718/pdf.so.so")) in Unknown on line 0
[08-Jun-2019 12:16:47 UTC] PHP Notice:  Undefined variable: dynamodb in /usr/home/gustavo.assuncao/public_html/iot/garage.php on line 46
[08-Jun-2019 12:16:47 UTC] PHP Fatal error:  Uncaught Error: Call to a member function scan() on null in /usr/home/gustavo.assuncao/public_html/iot/garage.php:46
Stack trace:
#0 {main}
  thrown in /usr/home/gustavo.assuncao/public_html/iot/garage.php on line 46
[09-Jun-2019 11:25:07 UTC] PHP Warning:  PHP Startup: Unable to load dynamic library 'apcu.so' (tried: /usr/local/lib/php/20170718/apcu.so (Cannot open "/usr/local/lib/php/20170718/apcu.so"), /usr/local/lib/php/20170718/apcu.so.so (Cannot open "/usr/local/lib/php/20170718/apcu.so.so")) in Unknown on line 0
[09-Jun-2019 11:25:07 UTC] PHP Warning:  PHP Startup: Unable to load dynamic library 'pdf.so' (tried: /usr/local/lib/php/20170718/pdf.so (Shared object "libpdf.so.6" not found, required by "pdf.so"), /usr/local/lib/php/20170718/pdf.so.so (Cannot open "/usr/local/lib/php/20170718/pdf.so.so")) in Unknown on line 0
[09-Jun-2019 11:25:07 UTC] PHP Fatal error:  Uncaught TypeError: Argument 2 passed to Aws\AwsClient::getCommand() must be of the type array, string given, called in /usr/home/gustavo.assuncao/public_html/iot/vendor/aws/aws-sdk-php/src/AwsClientTrait.php on line 86 and defined in /usr/home/gustavo.assuncao/public_html/iot/vendor/aws/aws-sdk-php/src/AwsClient.php:233
Stack trace:
#0 /usr/home/gustavo.assuncao/public_html/iot/vendor/aws/aws-sdk-php/src/AwsClientTrait.php(86): Aws\AwsClient->getCommand('scanAllData', 'ParkingZolTable')
#1 /usr/home/gustavo.assuncao/public_html/iot/garage.php(47): Aws\AwsClient->__call('scanAllData', Array)
#2 {main}
  thrown in /usr/home/gustavo.assuncao/public_html/iot/vendor/aws/aws-sdk-php/src/AwsClient.php on line 233
[09-Jun-2019 11:25:45 UTC] PHP Warning:  PHP Startup: Unable to load dynamic library 'apcu.so' (tried: /usr/local/lib/php/20170718/apcu.so (Cannot open "/usr/local/lib/php/20170718/apcu.so"), /usr/local/lib/php/20170718/apcu.so.so (Cannot open "/usr/local/lib/php/20170718/apcu.so.so")) in Unknown on line 0
[09-Jun-2019 11:25:45 UTC] PHP Warning:  PHP Startup: Unable to load dynamic library 'pdf.so' (tried: /usr/local/lib/php/20170718/pdf.so (Shared object "libpdf.so.6" not found, required by "pdf.so"), /usr/local/lib/php/20170718/pdf.so.so (Cannot open "/usr/local/lib/php/20170718/pdf.so.so")) in Unknown on line 0
[09-Jun-2019 11:27:44 UTC] PHP Warning:  PHP Startup: Unable to load dynamic library 'apcu.so' (tried: /usr/local/lib/php/20170718/apcu.so (Cannot open "/usr/local/lib/php/20170718/apcu.so"), /usr/local/lib/php/20170718/apcu.so.so (Cannot open "/usr/local/lib/php/20170718/apcu.so.so")) in Unknown on line 0
[09-Jun-2019 11:27:44 UTC] PHP Warning:  PHP Startup: Unable to load dynamic library 'pdf.so' (tried: /usr/local/lib/php/20170718/pdf.so (Shared object "libpdf.so.6" not found, required by "pdf.so"), /usr/local/lib/php/20170718/pdf.so.so (Cannot open "/usr/local/lib/php/20170718/pdf.so.so")) in Unknown on line 0
[09-Jun-2019 11:27:44 UTC] PHP Parse error:  syntax error, unexpected ')' in /usr/home/gustavo.assuncao/public_html/iot/garage.php on line 53
[09-Jun-2019 11:27:47 UTC] PHP Warning:  PHP Startup: Unable to load dynamic library 'apcu.so' (tried: /usr/local/lib/php/20170718/apcu.so (Cannot open "/usr/local/lib/php/20170718/apcu.so"), /usr/local/lib/php/20170718/apcu.so.so (Cannot open "/usr/local/lib/php/20170718/apcu.so.so")) in Unknown on line 0
[09-Jun-2019 11:27:47 UTC] PHP Warning:  PHP Startup: Unable to load dynamic library 'pdf.so' (tried: /usr/local/lib/php/20170718/pdf.so (Shared object "libpdf.so.6" not found, required by "pdf.so"), /usr/local/lib/php/20170718/pdf.so.so (Cannot open "/usr/local/lib/php/20170718/pdf.so.so")) in Unknown on line 0
[09-Jun-2019 11:27:47 UTC] PHP Parse error:  syntax error, unexpected ')' in /usr/home/gustavo.assuncao/public_html/iot/garage.php on line 53
[09-Jun-2019 11:30:23 UTC] PHP Warning:  PHP Startup: Unable to load dynamic library 'apcu.so' (tried: /usr/local/lib/php/20170718/apcu.so (Cannot open "/usr/local/lib/php/20170718/apcu.so"), /usr/local/lib/php/20170718/apcu.so.so (Cannot open "/usr/local/lib/php/20170718/apcu.so.so")) in Unknown on line 0
[09-Jun-2019 11:30:23 UTC] PHP Warning:  PHP Startup: Unable to load dynamic library 'pdf.so' (tried: /usr/local/lib/php/20170718/pdf.so (Shared object "libpdf.so.6" not found, required by "pdf.so"), /usr/local/lib/php/20170718/pdf.so.so (Cannot open "/usr/local/lib/php/20170718/pdf.so.so")) in Unknown on line 0
[09-Jun-2019 11:30:23 UTC] PHP Parse error:  syntax error, unexpected ')' in /usr/home/gustavo.assuncao/public_html/iot/garage.php on line 53
[09-Jun-2019 11:35:59 UTC] PHP Warning:  PHP Startup: Unable to load dynamic library 'apcu.so' (tried: /usr/local/lib/php/20170718/apcu.so (Cannot open "/usr/local/lib/php/20170718/apcu.so"), /usr/local/lib/php/20170718/apcu.so.so (Cannot open "/usr/local/lib/php/20170718/apcu.so.so")) in Unknown on line 0
[09-Jun-2019 11:35:59 UTC] PHP Warning:  PHP Startup: Unable to load dynamic library 'pdf.so' (tried: /usr/local/lib/php/20170718/pdf.so (Shared object "libpdf.so.6" not found, required by "pdf.so"), /usr/local/lib/php/20170718/pdf.so.so (Cannot open "/usr/local/lib/php/20170718/pdf.so.so")) in Unknown on line 0
[09-Jun-2019 11:35:59 UTC] PHP Parse error:  syntax error, unexpected ')' in /usr/home/gustavo.assuncao/public_html/iot/garage.php on line 53
[09-Jun-2019 11:36:57 UTC] PHP Warning:  PHP Startup: Unable to load dynamic library 'apcu.so' (tried: /usr/local/lib/php/20170718/apcu.so (Cannot open "/usr/local/lib/php/20170718/apcu.so"), /usr/local/lib/php/20170718/apcu.so.so (Cannot open "/usr/local/lib/php/20170718/apcu.so.so")) in Unknown on line 0
[09-Jun-2019 11:36:57 UTC] PHP Warning:  PHP Startup: Unable to load dynamic library 'pdf.so' (tried: /usr/local/lib/php/20170718/pdf.so (Shared object "libpdf.so.6" not found, required by "pdf.so"), /usr/local/lib/php/20170718/pdf.so.so (Cannot open "/usr/local/lib/php/20170718/pdf.so.so")) in Unknown on line 0
[09-Jun-2019 11:36:57 UTC] PHP Parse error:  syntax error, unexpected ')' in /usr/home/gustavo.assuncao/public_html/iot/garage.php on line 52
[09-Jun-2019 11:39:23 UTC] PHP Warning:  PHP Startup: Unable to load dynamic library 'apcu.so' (tried: /usr/local/lib/php/20170718/apcu.so (Cannot open "/usr/local/lib/php/20170718/apcu.so"), /usr/local/lib/php/20170718/apcu.so.so (Cannot open "/usr/local/lib/php/20170718/apcu.so.so")) in Unknown on line 0
[09-Jun-2019 11:39:23 UTC] PHP Warning:  PHP Startup: Unable to load dynamic library 'pdf.so' (tried: /usr/local/lib/php/20170718/pdf.so (Shared object "libpdf.so.6" not found, required by "pdf.so"), /usr/local/lib/php/20170718/pdf.so.so (Cannot open "/usr/local/lib/php/20170718/pdf.so.so")) in Unknown on line 0
[09-Jun-2019 11:39:34 UTC] PHP Warning:  PHP Startup: Unable to load dynamic library 'apcu.so' (tried: /usr/local/lib/php/20170718/apcu.so (Cannot open "/usr/local/lib/php/20170718/apcu.so"), /usr/local/lib/php/20170718/apcu.so.so (Cannot open "/usr/local/lib/php/20170718/apcu.so.so")) in Unknown on line 0
[09-Jun-2019 11:39:34 UTC] PHP Warning:  PHP Startup: Unable to load dynamic library 'pdf.so' (tried: /usr/local/lib/php/20170718/pdf.so (Shared object "libpdf.so.6" not found, required by "pdf.so"), /usr/local/lib/php/20170718/pdf.so.so (Cannot open "/usr/local/lib/php/20170718/pdf.so.so")) in Unknown on line 0
[09-Jun-2019 11:40:05 UTC] PHP Warning:  PHP Startup: Unable to load dynamic library 'apcu.so' (tried: /usr/local/lib/php/20170718/apcu.so (Cannot open "/usr/local/lib/php/20170718/apcu.so"), /usr/local/lib/php/20170718/apcu.so.so (Cannot open "/usr/local/lib/php/20170718/apcu.so.so")) in Unknown on line 0
[09-Jun-2019 11:40:05 UTC] PHP Warning:  PHP Startup: Unable to load dynamic library 'pdf.so' (tried: /usr/local/lib/php/20170718/pdf.so (Shared object "libpdf.so.6" not found, required by "pdf.so"), /usr/local/lib/php/20170718/pdf.so.so (Cannot open "/usr/local/lib/php/20170718/pdf.so.so")) in Unknown on line 0
[09-Jun-2019 11:40:05 UTC] PHP Parse error:  syntax error, unexpected ';', expecting ')' in /usr/home/gustavo.assuncao/public_html/iot/garage.php on line 55
[09-Jun-2019 11:40:06 UTC] PHP Warning:  PHP Startup: Unable to load dynamic library 'apcu.so' (tried: /usr/local/lib/php/20170718/apcu.so (Cannot open "/usr/local/lib/php/20170718/apcu.so"), /usr/local/lib/php/20170718/apcu.so.so (Cannot open "/usr/local/lib/php/20170718/apcu.so.so")) in Unknown on line 0
[09-Jun-2019 11:40:06 UTC] PHP Warning:  PHP Startup: Unable to load dynamic library 'pdf.so' (tried: /usr/local/lib/php/20170718/pdf.so (Shared object "libpdf.so.6" not found, required by "pdf.so"), /usr/local/lib/php/20170718/pdf.so.so (Cannot open "/usr/local/lib/php/20170718/pdf.so.so")) in Unknown on line 0
[09-Jun-2019 11:40:06 UTC] PHP Parse error:  syntax error, unexpected ';', expecting ')' in /usr/home/gustavo.assuncao/public_html/iot/garage.php on line 55
[09-Jun-2019 11:40:36 UTC] PHP Warning:  PHP Startup: Unable to load dynamic library 'apcu.so' (tried: /usr/local/lib/php/20170718/apcu.so (Cannot open "/usr/local/lib/php/20170718/apcu.so"), /usr/local/lib/php/20170718/apcu.so.so (Cannot open "/usr/local/lib/php/20170718/apcu.so.so")) in Unknown on line 0
[09-Jun-2019 11:40:36 UTC] PHP Warning:  PHP Startup: Unable to load dynamic library 'pdf.so' (tried: /usr/local/lib/php/20170718/pdf.so (Shared object "libpdf.so.6" not found, required by "pdf.so"), /usr/local/lib/php/20170718/pdf.so.so (Cannot open "/usr/local/lib/php/20170718/pdf.so.so")) in Unknown on line 0
[09-Jun-2019 11:40:36 UTC] PHP Parse error:  syntax error, unexpected ';', expecting ')' in /usr/home/gustavo.assuncao/public_html/iot/garage.php on line 55
[09-Jun-2019 11:40:47 UTC] PHP Warning:  PHP Startup: Unable to load dynamic library 'apcu.so' (tried: /usr/local/lib/php/20170718/apcu.so (Cannot open "/usr/local/lib/php/20170718/apcu.so"), /usr/local/lib/php/20170718/apcu.so.so (Cannot open "/usr/local/lib/php/20170718/apcu.so.so")) in Unknown on line 0
[09-Jun-2019 11:40:47 UTC] PHP Warning:  PHP Startup: Unable to load dynamic library 'pdf.so' (tried: /usr/local/lib/php/20170718/pdf.so (Shared object "libpdf.so.6" not found, required by "pdf.so"), /usr/local/lib/php/20170718/pdf.so.so (Cannot open "/usr/local/lib/php/20170718/pdf.so.so")) in Unknown on line 0
[09-Jun-2019 11:40:47 UTC] PHP Fatal error:  Uncaught Error: Call to undefined function convertConditions() in /usr/home/gustavo.assuncao/public_html/iot/garage.php:53
Stack trace:
#0 {main}
  thrown in /usr/home/gustavo.assuncao/public_html/iot/garage.php on line 53
[09-Jun-2019 11:40:48 UTC] PHP Warning:  PHP Startup: Unable to load dynamic library 'apcu.so' (tried: /usr/local/lib/php/20170718/apcu.so (Cannot open "/usr/local/lib/php/20170718/apcu.so"), /usr/local/lib/php/20170718/apcu.so.so (Cannot open "/usr/local/lib/php/20170718/apcu.so.so")) in Unknown on line 0
[09-Jun-2019 11:40:48 UTC] PHP Warning:  PHP Startup: Unable to load dynamic library 'pdf.so' (tried: /usr/local/lib/php/20170718/pdf.so (Shared object "libpdf.so.6" not found, required by "pdf.so"), /usr/local/lib/php/20170718/pdf.so.so (Cannot open "/usr/local/lib/php/20170718/pdf.so.so")) in Unknown on line 0
[09-Jun-2019 11:40:48 UTC] PHP Fatal error:  Uncaught Error: Call to undefined function convertConditions() in /usr/home/gustavo.assuncao/public_html/iot/garage.php:53
Stack trace:
#0 {main}
  thrown in /usr/home/gustavo.assuncao/public_html/iot/garage.php on line 53
[09-Jun-2019 11:51:13 UTC] PHP Warning:  PHP Startup: Unable to load dynamic library 'apcu.so' (tried: /usr/local/lib/php/20170718/apcu.so (Cannot open "/usr/local/lib/php/20170718/apcu.so"), /usr/local/lib/php/20170718/apcu.so.so (Cannot open "/usr/local/lib/php/20170718/apcu.so.so")) in Unknown on line 0
[09-Jun-2019 11:51:13 UTC] PHP Warning:  PHP Startup: Unable to load dynamic library 'pdf.so' (tried: /usr/local/lib/php/20170718/pdf.so (Shared object "libpdf.so.6" not found, required by "pdf.so"), /usr/local/lib/php/20170718/pdf.so.so (Cannot open "/usr/local/lib/php/20170718/pdf.so.so")) in Unknown on line 0
[09-Jun-2019 11:51:13 UTC] PHP Parse error:  syntax error, unexpected ')', expecting ']' in /usr/home/gustavo.assuncao/public_html/iot/garage.php on line 55
[09-Jun-2019 11:51:24 UTC] PHP Warning:  PHP Startup: Unable to load dynamic library 'apcu.so' (tried: /usr/local/lib/php/20170718/apcu.so (Cannot open "/usr/local/lib/php/20170718/apcu.so"), /usr/local/lib/php/20170718/apcu.so.so (Cannot open "/usr/local/lib/php/20170718/apcu.so.so")) in Unknown on line 0
[09-Jun-2019 11:51:24 UTC] PHP Warning:  PHP Startup: Unable to load dynamic library 'pdf.so' (tried: /usr/local/lib/php/20170718/pdf.so (Shared object "libpdf.so.6" not found, required by "pdf.so"), /usr/local/lib/php/20170718/pdf.so.so (Cannot open "/usr/local/lib/php/20170718/pdf.so.so")) in Unknown on line 0
[09-Jun-2019 11:51:24 UTC] PHP Parse error:  syntax error, unexpected ')', expecting ']' in /usr/home/gustavo.assuncao/public_html/iot/garage.php on line 55
[09-Jun-2019 11:51:51 UTC] PHP Warning:  PHP Startup: Unable to load dynamic library 'apcu.so' (tried: /usr/local/lib/php/20170718/apcu.so (Cannot open "/usr/local/lib/php/20170718/apcu.so"), /usr/local/lib/php/20170718/apcu.so.so (Cannot open "/usr/local/lib/php/20170718/apcu.so.so")) in Unknown on line 0
[09-Jun-2019 11:51:51 UTC] PHP Warning:  PHP Startup: Unable to load dynamic library 'pdf.so' (tried: /usr/local/lib/php/20170718/pdf.so (Shared object "libpdf.so.6" not found, required by "pdf.so"), /usr/local/lib/php/20170718/pdf.so.so (Cannot open "/usr/local/lib/php/20170718/pdf.so.so")) in Unknown on line 0
[09-Jun-2019 11:51:52 UTC] PHP Fatal error:  Uncaught Error: Call to undefined function park_r() in /usr/home/gustavo.assuncao/public_html/iot/garage.php:60
Stack trace:
#0 {main}
  thrown in /usr/home/gustavo.assuncao/public_html/iot/garage.php on line 60
[09-Jun-2019 11:52:00 UTC] PHP Warning:  PHP Startup: Unable to load dynamic library 'apcu.so' (tried: /usr/local/lib/php/20170718/apcu.so (Cannot open "/usr/local/lib/php/20170718/apcu.so"), /usr/local/lib/php/20170718/apcu.so.so (Cannot open "/usr/local/lib/php/20170718/apcu.so.so")) in Unknown on line 0
[09-Jun-2019 11:52:00 UTC] PHP Warning:  PHP Startup: Unable to load dynamic library 'pdf.so' (tried: /usr/local/lib/php/20170718/pdf.so (Shared object "libpdf.so.6" not found, required by "pdf.so"), /usr/local/lib/php/20170718/pdf.so.so (Cannot open "/usr/local/lib/php/20170718/pdf.so.so")) in Unknown on line 0
[09-Jun-2019 11:52:00 UTC] PHP Fatal error:  Uncaught Error: Call to undefined function park_r() in /usr/home/gustavo.assuncao/public_html/iot/garage.php:60
Stack trace:
#0 {main}
  thrown in /usr/home/gustavo.assuncao/public_html/iot/garage.php on line 60
[09-Jun-2019 11:52:35 UTC] PHP Warning:  PHP Startup: Unable to load dynamic library 'apcu.so' (tried: /usr/local/lib/php/20170718/apcu.so (Cannot open "/usr/local/lib/php/20170718/apcu.so"), /usr/local/lib/php/20170718/apcu.so.so (Cannot open "/usr/local/lib/php/20170718/apcu.so.so")) in Unknown on line 0
[09-Jun-2019 11:52:35 UTC] PHP Warning:  PHP Startup: Unable to load dynamic library 'pdf.so' (tried: /usr/local/lib/php/20170718/pdf.so (Shared object "libpdf.so.6" not found, required by "pdf.so"), /usr/local/lib/php/20170718/pdf.so.so (Cannot open "/usr/local/lib/php/20170718/pdf.so.so")) in Unknown on line 0
[09-Jun-2019 11:52:52 UTC] PHP Warning:  PHP Startup: Unable to load dynamic library 'apcu.so' (tried: /usr/local/lib/php/20170718/apcu.so (Cannot open "/usr/local/lib/php/20170718/apcu.so"), /usr/local/lib/php/20170718/apcu.so.so (Cannot open "/usr/local/lib/php/20170718/apcu.so.so")) in Unknown on line 0
[09-Jun-2019 11:52:52 UTC] PHP Warning:  PHP Startup: Unable to load dynamic library 'pdf.so' (tried: /usr/local/lib/php/20170718/pdf.so (Shared object "libpdf.so.6" not found, required by "pdf.so"), /usr/local/lib/php/20170718/pdf.so.so (Cannot open "/usr/local/lib/php/20170718/pdf.so.so")) in Unknown on line 0
[09-Jun-2019 11:52:53 UTC] PHP Notice:  Undefined index: Items in /usr/home/gustavo.assuncao/public_html/iot/garage.php on line 63
[09-Jun-2019 11:52:53 UTC] PHP Notice:  Undefined index: Items in /usr/home/gustavo.assuncao/public_html/iot/garage.php on line 64
[09-Jun-2019 11:52:53 UTC] PHP Notice:  Undefined index: Items in /usr/home/gustavo.assuncao/public_html/iot/garage.php on line 63
[09-Jun-2019 11:52:53 UTC] PHP Notice:  Undefined index: Items in /usr/home/gustavo.assuncao/public_html/iot/garage.php on line 64
[09-Jun-2019 11:53:02 UTC] PHP Warning:  PHP Startup: Unable to load dynamic library 'apcu.so' (tried: /usr/local/lib/php/20170718/apcu.so (Cannot open "/usr/local/lib/php/20170718/apcu.so"), /usr/local/lib/php/20170718/apcu.so.so (Cannot open "/usr/local/lib/php/20170718/apcu.so.so")) in Unknown on line 0
[09-Jun-2019 11:53:02 UTC] PHP Warning:  PHP Startup: Unable to load dynamic library 'pdf.so' (tried: /usr/local/lib/php/20170718/pdf.so (Shared object "libpdf.so.6" not found, required by "pdf.so"), /usr/local/lib/php/20170718/pdf.so.so (Cannot open "/usr/local/lib/php/20170718/pdf.so.so")) in Unknown on line 0
[09-Jun-2019 11:53:02 UTC] PHP Notice:  Undefined index: ID in /usr/home/gustavo.assuncao/public_html/iot/garage.php on line 63
[09-Jun-2019 11:53:02 UTC] PHP Notice:  Undefined index: Timestamp in /usr/home/gustavo.assuncao/public_html/iot/garage.php on line 64
[09-Jun-2019 11:53:02 UTC] PHP Notice:  Undefined index: ID in /usr/home/gustavo.assuncao/public_html/iot/garage.php on line 63
[09-Jun-2019 11:53:02 UTC] PHP Notice:  Undefined index: Timestamp in /usr/home/gustavo.assuncao/public_html/iot/garage.php on line 64
[09-Jun-2019 11:54:09 UTC] PHP Warning:  PHP Startup: Unable to load dynamic library 'apcu.so' (tried: /usr/local/lib/php/20170718/apcu.so (Cannot open "/usr/local/lib/php/20170718/apcu.so"), /usr/local/lib/php/20170718/apcu.so.so (Cannot open "/usr/local/lib/php/20170718/apcu.so.so")) in Unknown on line 0
[09-Jun-2019 11:54:09 UTC] PHP Warning:  PHP Startup: Unable to load dynamic library 'pdf.so' (tried: /usr/local/lib/php/20170718/pdf.so (Shared object "libpdf.so.6" not found, required by "pdf.so"), /usr/local/lib/php/20170718/pdf.so.so (Cannot open "/usr/local/lib/php/20170718/pdf.so.so")) in Unknown on line 0
[09-Jun-2019 11:54:18 UTC] PHP Warning:  PHP Startup: Unable to load dynamic library 'apcu.so' (tried: /usr/local/lib/php/20170718/apcu.so (Cannot open "/usr/local/lib/php/20170718/apcu.so"), /usr/local/lib/php/20170718/apcu.so.so (Cannot open "/usr/local/lib/php/20170718/apcu.so.so")) in Unknown on line 0
[09-Jun-2019 11:54:18 UTC] PHP Warning:  PHP Startup: Unable to load dynamic library 'pdf.so' (tried: /usr/local/lib/php/20170718/pdf.so (Shared object "libpdf.so.6" not found, required by "pdf.so"), /usr/local/lib/php/20170718/pdf.so.so (Cannot open "/usr/local/lib/php/20170718/pdf.so.so")) in Unknown on line 0
[09-Jun-2019 11:55:36 UTC] PHP Warning:  PHP Startup: Unable to load dynamic library 'apcu.so' (tried: /usr/local/lib/php/20170718/apcu.so (Cannot open "/usr/local/lib/php/20170718/apcu.so"), /usr/local/lib/php/20170718/apcu.so.so (Cannot open "/usr/local/lib/php/20170718/apcu.so.so")) in Unknown on line 0
[09-Jun-2019 11:55:36 UTC] PHP Warning:  PHP Startup: Unable to load dynamic library 'pdf.so' (tried: /usr/local/lib/php/20170718/pdf.so (Shared object "libpdf.so.6" not found, required by "pdf.so"), /usr/local/lib/php/20170718/pdf.so.so (Cannot open "/usr/local/lib/php/20170718/pdf.so.so")) in Unknown on line 0
[09-Jun-2019 11:55:36 UTC] PHP Notice:  Undefined index: Items in /usr/home/gustavo.assuncao/public_html/iot/garage.php on line 63
[09-Jun-2019 11:55:36 UTC] PHP Notice:  Undefined index: Items in /usr/home/gustavo.assuncao/public_html/iot/garage.php on line 64
[09-Jun-2019 11:55:36 UTC] PHP Notice:  Undefined index: Items in /usr/home/gustavo.assuncao/public_html/iot/garage.php on line 63
[09-Jun-2019 11:55:36 UTC] PHP Notice:  Undefined index: Items in /usr/home/gustavo.assuncao/public_html/iot/garage.php on line 64
[09-Jun-2019 11:55:36 UTC] PHP Notice:  Undefined index: Items in /usr/home/gustavo.assuncao/public_html/iot/garage.php on line 63
[09-Jun-2019 11:55:36 UTC] PHP Notice:  Undefined index: Items in /usr/home/gustavo.assuncao/public_html/iot/garage.php on line 64
[09-Jun-2019 11:56:02 UTC] PHP Warning:  PHP Startup: Unable to load dynamic library 'apcu.so' (tried: /usr/local/lib/php/20170718/apcu.so (Cannot open "/usr/local/lib/php/20170718/apcu.so"), /usr/local/lib/php/20170718/apcu.so.so (Cannot open "/usr/local/lib/php/20170718/apcu.so.so")) in Unknown on line 0
[09-Jun-2019 11:56:02 UTC] PHP Warning:  PHP Startup: Unable to load dynamic library 'pdf.so' (tried: /usr/local/lib/php/20170718/pdf.so (Shared object "libpdf.so.6" not found, required by "pdf.so"), /usr/local/lib/php/20170718/pdf.so.so (Cannot open "/usr/local/lib/php/20170718/pdf.so.so")) in Unknown on line 0
[09-Jun-2019 11:56:15 UTC] PHP Warning:  PHP Startup: Unable to load dynamic library 'apcu.so' (tried: /usr/local/lib/php/20170718/apcu.so (Cannot open "/usr/local/lib/php/20170718/apcu.so"), /usr/local/lib/php/20170718/apcu.so.so (Cannot open "/usr/local/lib/php/20170718/apcu.so.so")) in Unknown on line 0
[09-Jun-2019 11:56:15 UTC] PHP Warning:  PHP Startup: Unable to load dynamic library 'pdf.so' (tried: /usr/local/lib/php/20170718/pdf.so (Shared object "libpdf.so.6" not found, required by "pdf.so"), /usr/local/lib/php/20170718/pdf.so.so (Cannot open "/usr/local/lib/php/20170718/pdf.so.so")) in Unknown on line 0
[09-Jun-2019 11:57:03 UTC] PHP Warning:  PHP Startup: Unable to load dynamic library 'apcu.so' (tried: /usr/local/lib/php/20170718/apcu.so (Cannot open "/usr/local/lib/php/20170718/apcu.so"), /usr/local/lib/php/20170718/apcu.so.so (Cannot open "/usr/local/lib/php/20170718/apcu.so.so")) in Unknown on line 0
[09-Jun-2019 11:57:03 UTC] PHP Warning:  PHP Startup: Unable to load dynamic library 'pdf.so' (tried: /usr/local/lib/php/20170718/pdf.so (Shared object "libpdf.so.6" not found, required by "pdf.so"), /usr/local/lib/php/20170718/pdf.so.so (Cannot open "/usr/local/lib/php/20170718/pdf.so.so")) in Unknown on line 0
[09-Jun-2019 11:57:04 UTC] PHP Notice:  Undefined offset: 0 in /usr/home/gustavo.assuncao/public_html/iot/garage.php on line 63
[09-Jun-2019 11:57:04 UTC] PHP Notice:  Undefined offset: 0 in /usr/home/gustavo.assuncao/public_html/iot/garage.php on line 64
[09-Jun-2019 11:57:35 UTC] PHP Warning:  PHP Startup: Unable to load dynamic library 'apcu.so' (tried: /usr/local/lib/php/20170718/apcu.so (Cannot open "/usr/local/lib/php/20170718/apcu.so"), /usr/local/lib/php/20170718/apcu.so.so (Cannot open "/usr/local/lib/php/20170718/apcu.so.so")) in Unknown on line 0
[09-Jun-2019 11:57:35 UTC] PHP Warning:  PHP Startup: Unable to load dynamic library 'pdf.so' (tried: /usr/local/lib/php/20170718/pdf.so (Shared object "libpdf.so.6" not found, required by "pdf.so"), /usr/local/lib/php/20170718/pdf.so.so (Cannot open "/usr/local/lib/php/20170718/pdf.so.so")) in Unknown on line 0
[09-Jun-2019 12:02:59 UTC] PHP Warning:  PHP Startup: Unable to load dynamic library 'apcu.so' (tried: /usr/local/lib/php/20170718/apcu.so (Cannot open "/usr/local/lib/php/20170718/apcu.so"), /usr/local/lib/php/20170718/apcu.so.so (Cannot open "/usr/local/lib/php/20170718/apcu.so.so")) in Unknown on line 0
[09-Jun-2019 12:02:59 UTC] PHP Warning:  PHP Startup: Unable to load dynamic library 'pdf.so' (tried: /usr/local/lib/php/20170718/pdf.so (Shared object "libpdf.so.6" not found, required by "pdf.so"), /usr/local/lib/php/20170718/pdf.so.so (Cannot open "/usr/local/lib/php/20170718/pdf.so.so")) in Unknown on line 0
[09-Jun-2019 12:06:15 UTC] PHP Warning:  PHP Startup: Unable to load dynamic library 'apcu.so' (tried: /usr/local/lib/php/20170718/apcu.so (Cannot open "/usr/local/lib/php/20170718/apcu.so"), /usr/local/lib/php/20170718/apcu.so.so (Cannot open "/usr/local/lib/php/20170718/apcu.so.so")) in Unknown on line 0
[09-Jun-2019 12:06:15 UTC] PHP Warning:  PHP Startup: Unable to load dynamic library 'pdf.so' (tried: /usr/local/lib/php/20170718/pdf.so (Shared object "libpdf.so.6" not found, required by "pdf.so"), /usr/local/lib/php/20170718/pdf.so.so (Cannot open "/usr/local/lib/php/20170718/pdf.so.so")) in Unknown on line 0
[09-Jun-2019 12:06:15 UTC] PHP Parse error:  syntax error, unexpected '' (T_ENCAPSED_AND_WHITESPACE), expecting '-' or identifier (T_STRING) or variable (T_VARIABLE) or number (T_NUM_STRING) in /usr/home/gustavo.assuncao/public_html/iot/garage.php on line 62
[09-Jun-2019 12:07:52 UTC] PHP Warning:  PHP Startup: Unable to load dynamic library 'apcu.so' (tried: /usr/local/lib/php/20170718/apcu.so (Cannot open "/usr/local/lib/php/20170718/apcu.so"), /usr/local/lib/php/20170718/apcu.so.so (Cannot open "/usr/local/lib/php/20170718/apcu.so.so")) in Unknown on line 0
[09-Jun-2019 12:07:52 UTC] PHP Warning:  PHP Startup: Unable to load dynamic library 'pdf.so' (tried: /usr/local/lib/php/20170718/pdf.so (Shared object "libpdf.so.6" not found, required by "pdf.so"), /usr/local/lib/php/20170718/pdf.so.so (Cannot open "/usr/local/lib/php/20170718/pdf.so.so")) in Unknown on line 0
[09-Jun-2019 12:07:52 UTC] PHP Notice:  Undefined offset: 3 in /usr/home/gustavo.assuncao/public_html/iot/garage.php on line 62
[10-Jun-2019 00:11:30 UTC] PHP Warning:  PHP Startup: Unable to load dynamic library 'apcu.so' (tried: /usr/local/lib/php/20170718/apcu.so (Cannot open "/usr/local/lib/php/20170718/apcu.so"), /usr/local/lib/php/20170718/apcu.so.so (Cannot open "/usr/local/lib/php/20170718/apcu.so.so")) in Unknown on line 0
[10-Jun-2019 00:11:30 UTC] PHP Warning:  PHP Startup: Unable to load dynamic library 'pdf.so' (tried: /usr/local/lib/php/20170718/pdf.so (Shared object "libpdf.so.6" not found, required by "pdf.so"), /usr/local/lib/php/20170718/pdf.so.so (Cannot open "/usr/local/lib/php/20170718/pdf.so.so")) in Unknown on line 0
[10-Jun-2019 00:11:31 UTC] PHP Fatal error:  Uncaught Error: Class 'AttributeAction' not found in /usr/home/gustavo.assuncao/public_html/iot/garage.php:75
Stack trace:
#0 {main}
  thrown in /usr/home/gustavo.assuncao/public_html/iot/garage.php on line 75
[10-Jun-2019 00:11:48 UTC] PHP Warning:  PHP Startup: Unable to load dynamic library 'apcu.so' (tried: /usr/local/lib/php/20170718/apcu.so (Cannot open "/usr/local/lib/php/20170718/apcu.so"), /usr/local/lib/php/20170718/apcu.so.so (Cannot open "/usr/local/lib/php/20170718/apcu.so.so")) in Unknown on line 0
[10-Jun-2019 00:11:48 UTC] PHP Warning:  PHP Startup: Unable to load dynamic library 'pdf.so' (tried: /usr/local/lib/php/20170718/pdf.so (Shared object "libpdf.so.6" not found, required by "pdf.so"), /usr/local/lib/php/20170718/pdf.so.so (Cannot open "/usr/local/lib/php/20170718/pdf.so.so")) in Unknown on line 0
[10-Jun-2019 00:11:48 UTC] PHP Fatal error:  Uncaught Error: Class 'AttributeAction' not found in /usr/home/gustavo.assuncao/public_html/iot/garage.php:75
Stack trace:
#0 {main}
  thrown in /usr/home/gustavo.assuncao/public_html/iot/garage.php on line 75
[10-Jun-2019 00:12:13 UTC] PHP Warning:  PHP Startup: Unable to load dynamic library 'apcu.so' (tried: /usr/local/lib/php/20170718/apcu.so (Cannot open "/usr/local/lib/php/20170718/apcu.so"), /usr/local/lib/php/20170718/apcu.so.so (Cannot open "/usr/local/lib/php/20170718/apcu.so.so")) in Unknown on line 0
[10-Jun-2019 00:12:13 UTC] PHP Warning:  PHP Startup: Unable to load dynamic library 'pdf.so' (tried: /usr/local/lib/php/20170718/pdf.so (Shared object "libpdf.so.6" not found, required by "pdf.so"), /usr/local/lib/php/20170718/pdf.so.so (Cannot open "/usr/local/lib/php/20170718/pdf.so.so")) in Unknown on line 0
[10-Jun-2019 00:12:13 UTC] PHP Fatal error:  Uncaught Error: Class 'Type' not found in /usr/home/gustavo.assuncao/public_html/iot/garage.php:72
Stack trace:
#0 {main}
  thrown in /usr/home/gustavo.assuncao/public_html/iot/garage.php on line 72
[10-Jun-2019 00:13:25 UTC] PHP Warning:  PHP Startup: Unable to load dynamic library 'apcu.so' (tried: /usr/local/lib/php/20170718/apcu.so (Cannot open "/usr/local/lib/php/20170718/apcu.so"), /usr/local/lib/php/20170718/apcu.so.so (Cannot open "/usr/local/lib/php/20170718/apcu.so.so")) in Unknown on line 0
[10-Jun-2019 00:13:25 UTC] PHP Warning:  PHP Startup: Unable to load dynamic library 'pdf.so' (tried: /usr/local/lib/php/20170718/pdf.so (Shared object "libpdf.so.6" not found, required by "pdf.so"), /usr/local/lib/php/20170718/pdf.so.so (Cannot open "/usr/local/lib/php/20170718/pdf.so.so")) in Unknown on line 0
[10-Jun-2019 00:13:25 UTC] PHP Fatal error:  Uncaught Error: Class 'Type' not found in /usr/home/gustavo.assuncao/public_html/iot/garage.php:72
Stack trace:
#0 {main}
  thrown in /usr/home/gustavo.assuncao/public_html/iot/garage.php on line 72
[10-Jun-2019 00:14:05 UTC] PHP Warning:  PHP Startup: Unable to load dynamic library 'apcu.so' (tried: /usr/local/lib/php/20170718/apcu.so (Cannot open "/usr/local/lib/php/20170718/apcu.so"), /usr/local/lib/php/20170718/apcu.so.so (Cannot open "/usr/local/lib/php/20170718/apcu.so.so")) in Unknown on line 0
[10-Jun-2019 00:14:05 UTC] PHP Warning:  PHP Startup: Unable to load dynamic library 'pdf.so' (tried: /usr/local/lib/php/20170718/pdf.so (Shared object "libpdf.so.6" not found, required by "pdf.so"), /usr/local/lib/php/20170718/pdf.so.so (Cannot open "/usr/local/lib/php/20170718/pdf.so.so")) in Unknown on line 0
[10-Jun-2019 00:14:05 UTC] PHP Fatal error:  Uncaught Error: Class 'Type' not found in /usr/home/gustavo.assuncao/public_html/iot/garage.php:72
Stack trace:
#0 {main}
  thrown in /usr/home/gustavo.assuncao/public_html/iot/garage.php on line 72
[10-Jun-2019 00:16:36 UTC] PHP Warning:  PHP Startup: Unable to load dynamic library 'apcu.so' (tried: /usr/local/lib/php/20170718/apcu.so (Cannot open "/usr/local/lib/php/20170718/apcu.so"), /usr/local/lib/php/20170718/apcu.so.so (Cannot open "/usr/local/lib/php/20170718/apcu.so.so")) in Unknown on line 0
[10-Jun-2019 00:16:36 UTC] PHP Warning:  PHP Startup: Unable to load dynamic library 'pdf.so' (tried: /usr/local/lib/php/20170718/pdf.so (Shared object "libpdf.so.6" not found, required by "pdf.so"), /usr/local/lib/php/20170718/pdf.so.so (Cannot open "/usr/local/lib/php/20170718/pdf.so.so")) in Unknown on line 0
[10-Jun-2019 00:16:36 UTC] PHP Fatal error:  Uncaught Error: Class 'Aws\DynamoDb\Enum\Type' not found in /usr/home/gustavo.assuncao/public_html/iot/garage.php:74
Stack trace:
#0 {main}
  thrown in /usr/home/gustavo.assuncao/public_html/iot/garage.php on line 74
[10-Jun-2019 00:19:20 UTC] PHP Warning:  PHP Startup: Unable to load dynamic library 'apcu.so' (tried: /usr/local/lib/php/20170718/apcu.so (Cannot open "/usr/local/lib/php/20170718/apcu.so"), /usr/local/lib/php/20170718/apcu.so.so (Cannot open "/usr/local/lib/php/20170718/apcu.so.so")) in Unknown on line 0
[10-Jun-2019 00:19:20 UTC] PHP Warning:  PHP Startup: Unable to load dynamic library 'pdf.so' (tried: /usr/local/lib/php/20170718/pdf.so (Shared object "libpdf.so.6" not found, required by "pdf.so"), /usr/local/lib/php/20170718/pdf.so.so (Cannot open "/usr/local/lib/php/20170718/pdf.so.so")) in Unknown on line 0
[10-Jun-2019 00:19:20 UTC] PHP Parse error:  syntax error, unexpected ';', expecting ',' or ')' in /usr/home/gustavo.assuncao/public_html/iot/garage.php on line 81
[10-Jun-2019 00:20:28 UTC] PHP Warning:  PHP Startup: Unable to load dynamic library 'apcu.so' (tried: /usr/local/lib/php/20170718/apcu.so (Cannot open "/usr/local/lib/php/20170718/apcu.so"), /usr/local/lib/php/20170718/apcu.so.so (Cannot open "/usr/local/lib/php/20170718/apcu.so.so")) in Unknown on line 0
[10-Jun-2019 00:20:28 UTC] PHP Warning:  PHP Startup: Unable to load dynamic library 'pdf.so' (tried: /usr/local/lib/php/20170718/pdf.so (Shared object "libpdf.so.6" not found, required by "pdf.so"), /usr/local/lib/php/20170718/pdf.so.so (Cannot open "/usr/local/lib/php/20170718/pdf.so.so")) in Unknown on line 0
[10-Jun-2019 00:20:28 UTC] PHP Parse error:  syntax error, unexpected ';', expecting ',' or ')' in /usr/home/gustavo.assuncao/public_html/iot/garage.php on line 81
[10-Jun-2019 00:22:38 UTC] PHP Warning:  PHP Startup: Unable to load dynamic library 'apcu.so' (tried: /usr/local/lib/php/20170718/apcu.so (Cannot open "/usr/local/lib/php/20170718/apcu.so"), /usr/local/lib/php/20170718/apcu.so.so (Cannot open "/usr/local/lib/php/20170718/apcu.so.so")) in Unknown on line 0
[10-Jun-2019 00:22:38 UTC] PHP Warning:  PHP Startup: Unable to load dynamic library 'pdf.so' (tried: /usr/local/lib/php/20170718/pdf.so (Shared object "libpdf.so.6" not found, required by "pdf.so"), /usr/local/lib/php/20170718/pdf.so.so (Cannot open "/usr/local/lib/php/20170718/pdf.so.so")) in Unknown on line 0
[10-Jun-2019 00:22:38 UTC] PHP Parse error:  syntax error, unexpected ';', expecting ',' or ')' in /usr/home/gustavo.assuncao/public_html/iot/garage.php on line 82
[10-Jun-2019 00:23:38 UTC] PHP Warning:  PHP Startup: Unable to load dynamic library 'apcu.so' (tried: /usr/local/lib/php/20170718/apcu.so (Cannot open "/usr/local/lib/php/20170718/apcu.so"), /usr/local/lib/php/20170718/apcu.so.so (Cannot open "/usr/local/lib/php/20170718/apcu.so.so")) in Unknown on line 0
[10-Jun-2019 00:23:38 UTC] PHP Warning:  PHP Startup: Unable to load dynamic library 'pdf.so' (tried: /usr/local/lib/php/20170718/pdf.so (Shared object "libpdf.so.6" not found, required by "pdf.so"), /usr/local/lib/php/20170718/pdf.so.so (Cannot open "/usr/local/lib/php/20170718/pdf.so.so")) in Unknown on line 0
[10-Jun-2019 00:23:38 UTC] PHP Parse error:  syntax error, unexpected ';', expecting ',' or ')' in /usr/home/gustavo.assuncao/public_html/iot/garage.php on line 82
[10-Jun-2019 00:24:37 UTC] PHP Warning:  PHP Startup: Unable to load dynamic library 'apcu.so' (tried: /usr/local/lib/php/20170718/apcu.so (Cannot open "/usr/local/lib/php/20170718/apcu.so"), /usr/local/lib/php/20170718/apcu.so.so (Cannot open "/usr/local/lib/php/20170718/apcu.so.so")) in Unknown on line 0
[10-Jun-2019 00:24:37 UTC] PHP Warning:  PHP Startup: Unable to load dynamic library 'pdf.so' (tried: /usr/local/lib/php/20170718/pdf.so (Shared object "libpdf.so.6" not found, required by "pdf.so"), /usr/local/lib/php/20170718/pdf.so.so (Cannot open "/usr/local/lib/php/20170718/pdf.so.so")) in Unknown on line 0
[10-Jun-2019 00:24:57 UTC] PHP Warning:  PHP Startup: Unable to load dynamic library 'apcu.so' (tried: /usr/local/lib/php/20170718/apcu.so (Cannot open "/usr/local/lib/php/20170718/apcu.so"), /usr/local/lib/php/20170718/apcu.so.so (Cannot open "/usr/local/lib/php/20170718/apcu.so.so")) in Unknown on line 0
[10-Jun-2019 00:24:57 UTC] PHP Warning:  PHP Startup: Unable to load dynamic library 'pdf.so' (tried: /usr/local/lib/php/20170718/pdf.so (Shared object "libpdf.so.6" not found, required by "pdf.so"), /usr/local/lib/php/20170718/pdf.so.so (Cannot open "/usr/local/lib/php/20170718/pdf.so.so")) in Unknown on line 0
[10-Jun-2019 00:25:14 UTC] PHP Warning:  PHP Startup: Unable to load dynamic library 'apcu.so' (tried: /usr/local/lib/php/20170718/apcu.so (Cannot open "/usr/local/lib/php/20170718/apcu.so"), /usr/local/lib/php/20170718/apcu.so.so (Cannot open "/usr/local/lib/php/20170718/apcu.so.so")) in Unknown on line 0
[10-Jun-2019 00:25:14 UTC] PHP Warning:  PHP Startup: Unable to load dynamic library 'pdf.so' (tried: /usr/local/lib/php/20170718/pdf.so (Shared object "libpdf.so.6" not found, required by "pdf.so"), /usr/local/lib/php/20170718/pdf.so.so (Cannot open "/usr/local/lib/php/20170718/pdf.so.so")) in Unknown on line 0
[10-Jun-2019 00:28:39 UTC] PHP Warning:  PHP Startup: Unable to load dynamic library 'apcu.so' (tried: /usr/local/lib/php/20170718/apcu.so (Cannot open "/usr/local/lib/php/20170718/apcu.so"), /usr/local/lib/php/20170718/apcu.so.so (Cannot open "/usr/local/lib/php/20170718/apcu.so.so")) in Unknown on line 0
[10-Jun-2019 00:28:39 UTC] PHP Warning:  PHP Startup: Unable to load dynamic library 'pdf.so' (tried: /usr/local/lib/php/20170718/pdf.so (Shared object "libpdf.so.6" not found, required by "pdf.so"), /usr/local/lib/php/20170718/pdf.so.so (Cannot open "/usr/local/lib/php/20170718/pdf.so.so")) in Unknown on line 0
[10-Jun-2019 00:29:17 UTC] PHP Warning:  PHP Startup: Unable to load dynamic library 'apcu.so' (tried: /usr/local/lib/php/20170718/apcu.so (Cannot open "/usr/local/lib/php/20170718/apcu.so"), /usr/local/lib/php/20170718/apcu.so.so (Cannot open "/usr/local/lib/php/20170718/apcu.so.so")) in Unknown on line 0
[10-Jun-2019 00:29:17 UTC] PHP Warning:  PHP Startup: Unable to load dynamic library 'pdf.so' (tried: /usr/local/lib/php/20170718/pdf.so (Shared object "libpdf.so.6" not found, required by "pdf.so"), /usr/local/lib/php/20170718/pdf.so.so (Cannot open "/usr/local/lib/php/20170718/pdf.so.so")) in Unknown on line 0
[21-Jun-2019 09:14:09 UTC] PHP Warning:  PHP Startup: Unable to load dynamic library 'apcu.so' (tried: /usr/local/lib/php/20170718/apcu.so (Cannot open "/usr/local/lib/php/20170718/apcu.so"), /usr/local/lib/php/20170718/apcu.so.so (Cannot open "/usr/local/lib/php/20170718/apcu.so.so")) in Unknown on line 0
[21-Jun-2019 09:14:09 UTC] PHP Warning:  PHP Startup: Unable to load dynamic library 'pdf.so' (tried: /usr/local/lib/php/20170718/pdf.so (Shared object "libpdf.so.6" not found, required by "pdf.so"), /usr/local/lib/php/20170718/pdf.so.so (Cannot open "/usr/local/lib/php/20170718/pdf.so.so")) in Unknown on line 0
[21-Jun-2019 09:15:00 UTC] PHP Warning:  PHP Startup: Unable to load dynamic library 'apcu.so' (tried: /usr/local/lib/php/20170718/apcu.so (Cannot open "/usr/local/lib/php/20170718/apcu.so"), /usr/local/lib/php/20170718/apcu.so.so (Cannot open "/usr/local/lib/php/20170718/apcu.so.so")) in Unknown on line 0
[21-Jun-2019 09:15:00 UTC] PHP Warning:  PHP Startup: Unable to load dynamic library 'pdf.so' (tried: /usr/local/lib/php/20170718/pdf.so (Shared object "libpdf.so.6" not found, required by "pdf.so"), /usr/local/lib/php/20170718/pdf.so.so (Cannot open "/usr/local/lib/php/20170718/pdf.so.so")) in Unknown on line 0
[21-Jun-2019 09:17:12 UTC] PHP Warning:  PHP Startup: Unable to load dynamic library 'apcu.so' (tried: /usr/local/lib/php/20170718/apcu.so (Cannot open "/usr/local/lib/php/20170718/apcu.so"), /usr/local/lib/php/20170718/apcu.so.so (Cannot open "/usr/local/lib/php/20170718/apcu.so.so")) in Unknown on line 0
[21-Jun-2019 09:17:12 UTC] PHP Warning:  PHP Startup: Unable to load dynamic library 'pdf.so' (tried: /usr/local/lib/php/20170718/pdf.so (Shared object "libpdf.so.6" not found, required by "pdf.so"), /usr/local/lib/php/20170718/pdf.so.so (Cannot open "/usr/local/lib/php/20170718/pdf.so.so")) in Unknown on line 0
[21-Jun-2019 09:20:12 UTC] PHP Warning:  PHP Startup: Unable to load dynamic library 'apcu.so' (tried: /usr/local/lib/php/20170718/apcu.so (Cannot open "/usr/local/lib/php/20170718/apcu.so"), /usr/local/lib/php/20170718/apcu.so.so (Cannot open "/usr/local/lib/php/20170718/apcu.so.so")) in Unknown on line 0
[21-Jun-2019 09:20:12 UTC] PHP Warning:  PHP Startup: Unable to load dynamic library 'pdf.so' (tried: /usr/local/lib/php/20170718/pdf.so (Shared object "libpdf.so.6" not found, required by "pdf.so"), /usr/local/lib/php/20170718/pdf.so.so (Cannot open "/usr/local/lib/php/20170718/pdf.so.so")) in Unknown on line 0
[21-Jun-2019 09:24:56 UTC] PHP Warning:  PHP Startup: Unable to load dynamic library 'apcu.so' (tried: /usr/local/lib/php/20170718/apcu.so (Cannot open "/usr/local/lib/php/20170718/apcu.so"), /usr/local/lib/php/20170718/apcu.so.so (Cannot open "/usr/local/lib/php/20170718/apcu.so.so")) in Unknown on line 0
[21-Jun-2019 09:24:56 UTC] PHP Warning:  PHP Startup: Unable to load dynamic library 'pdf.so' (tried: /usr/local/lib/php/20170718/pdf.so (Shared object "libpdf.so.6" not found, required by "pdf.so"), /usr/local/lib/php/20170718/pdf.so.so (Cannot open "/usr/local/lib/php/20170718/pdf.so.so")) in Unknown on line 0
[21-Jun-2019 09:28:52 UTC] PHP Warning:  PHP Startup: Unable to load dynamic library 'apcu.so' (tried: /usr/local/lib/php/20170718/apcu.so (Cannot open "/usr/local/lib/php/20170718/apcu.so"), /usr/local/lib/php/20170718/apcu.so.so (Cannot open "/usr/local/lib/php/20170718/apcu.so.so")) in Unknown on line 0
[21-Jun-2019 09:28:52 UTC] PHP Warning:  PHP Startup: Unable to load dynamic library 'pdf.so' (tried: /usr/local/lib/php/20170718/pdf.so (Shared object "libpdf.so.6" not found, required by "pdf.so"), /usr/local/lib/php/20170718/pdf.so.so (Cannot open "/usr/local/lib/php/20170718/pdf.so.so")) in Unknown on line 0
[21-Jun-2019 09:28:52 UTC] PHP Fatal error:  Uncaught exception 'Aws\DynamoDb\Exception\DynamoDbException' with message 'Error executing "Query" on "http://dynamodb.us-east-2.amazonaws.com"; AWS HTTP error: Client error: `POST http://dynamodb.us-east-2.amazonaws.com` resulted in a `400 Bad Request` response:
{"__type":"com.amazon.coral.validate#ValidationException","message":"Query condition missed key schema element: ID"}
 ValidationException (client): Query condition missed key schema element: ID - {"__type":"com.amazon.coral.validate#ValidationException","message":"Query condition missed key schema element: ID"}'

GuzzleHttp\Exception\ClientException: Client error: `POST http://dynamodb.us-east-2.amazonaws.com` resulted in a `400 Bad Request` response:
{"__type":"com.amazon.coral.validate#ValidationException","message":"Query condition missed key schema element: ID"}
 in /usr/home/gustavo.assuncao/public_html/iot/vendor/guzzlehttp/guzzle/src/Exception/RequestException.php:113
Stack trace:
#0 /usr/home/gustavo.assuncao/public_html/iot/vendor/guzzlehtt in /usr/home/gustavo.assuncao/public_html/iot/vendor/aws/aws-sdk-php/src/WrappedHttpHandler.php on line 191
[21-Jun-2019 09:29:53 UTC] PHP Warning:  PHP Startup: Unable to load dynamic library 'apcu.so' (tried: /usr/local/lib/php/20170718/apcu.so (Cannot open "/usr/local/lib/php/20170718/apcu.so"), /usr/local/lib/php/20170718/apcu.so.so (Cannot open "/usr/local/lib/php/20170718/apcu.so.so")) in Unknown on line 0
[21-Jun-2019 09:29:53 UTC] PHP Warning:  PHP Startup: Unable to load dynamic library 'pdf.so' (tried: /usr/local/lib/php/20170718/pdf.so (Shared object "libpdf.so.6" not found, required by "pdf.so"), /usr/local/lib/php/20170718/pdf.so.so (Cannot open "/usr/local/lib/php/20170718/pdf.so.so")) in Unknown on line 0
[21-Jun-2019 09:29:54 UTC] PHP Fatal error:  Uncaught exception 'Aws\DynamoDb\Exception\DynamoDbException' with message 'Error executing "Query" on "http://dynamodb.us-east-2.amazonaws.com"; AWS HTTP error: Client error: `POST http://dynamodb.us-east-2.amazonaws.com` resulted in a `400 Bad Request` response:
{"__type":"com.amazon.coral.validate#ValidationException","message":"Query key condition not supported"}
 ValidationException (client): Query key condition not supported - {"__type":"com.amazon.coral.validate#ValidationException","message":"Query key condition not supported"}'

GuzzleHttp\Exception\ClientException: Client error: `POST http://dynamodb.us-east-2.amazonaws.com` resulted in a `400 Bad Request` response:
{"__type":"com.amazon.coral.validate#ValidationException","message":"Query key condition not supported"}
 in /usr/home/gustavo.assuncao/public_html/iot/vendor/guzzlehttp/guzzle/src/Exception/RequestException.php:113
Stack trace:
#0 /usr/home/gustavo.assuncao/public_html/iot/vendor/guzzlehttp/guzzle/src/Middleware.php(66): GuzzleHttp\Exce in /usr/home/gustavo.assuncao/public_html/iot/vendor/aws/aws-sdk-php/src/WrappedHttpHandler.php on line 191
[21-Jun-2019 15:29:08 UTC] PHP Warning:  PHP Startup: Unable to load dynamic library 'apcu.so' (tried: /usr/local/lib/php/20170718/apcu.so (Cannot open "/usr/local/lib/php/20170718/apcu.so"), /usr/local/lib/php/20170718/apcu.so.so (Cannot open "/usr/local/lib/php/20170718/apcu.so.so")) in Unknown on line 0
[21-Jun-2019 15:29:08 UTC] PHP Warning:  PHP Startup: Unable to load dynamic library 'pdf.so' (tried: /usr/local/lib/php/20170718/pdf.so (Shared object "libpdf.so.6" not found, required by "pdf.so"), /usr/local/lib/php/20170718/pdf.so.so (Cannot open "/usr/local/lib/php/20170718/pdf.so.so")) in Unknown on line 0
[21-Jun-2019 15:29:08 UTC] PHP Fatal error:  Uncaught exception 'Aws\DynamoDb\Exception\DynamoDbException' with message 'Error executing "Query" on "http://dynamodb.us-east-2.amazonaws.com"; AWS HTTP error: Client error: `POST http://dynamodb.us-east-2.amazonaws.com` resulted in a `400 Bad Request` response:
{"__type":"com.amazon.coral.service#SerializationException","Message":"NUMBER_VALUE cannot be converted to String"}
 SerializationException (client): NUMBER_VALUE cannot be converted to String - {"__type":"com.amazon.coral.service#SerializationException","Message":"NUMBER_VALUE cannot be converted to String"}'

GuzzleHttp\Exception\ClientException: Client error: `POST http://dynamodb.us-east-2.amazonaws.com` resulted in a `400 Bad Request` response:
{"__type":"com.amazon.coral.service#SerializationException","Message":"NUMBER_VALUE cannot be converted to String"}
 in /usr/home/gustavo.assuncao/public_html/iot/vendor/guzzlehttp/guzzle/src/Exception/RequestException.php:113
Stack trace:
#0 /usr/home/gustavo.assuncao/public_html/iot/vendor/guzzlehttp/g in /usr/home/gustavo.assuncao/public_html/iot/vendor/aws/aws-sdk-php/src/WrappedHttpHandler.php on line 191
[21-Jun-2019 15:30:20 UTC] PHP Warning:  PHP Startup: Unable to load dynamic library 'apcu.so' (tried: /usr/local/lib/php/20170718/apcu.so (Cannot open "/usr/local/lib/php/20170718/apcu.so"), /usr/local/lib/php/20170718/apcu.so.so (Cannot open "/usr/local/lib/php/20170718/apcu.so.so")) in Unknown on line 0
[21-Jun-2019 15:30:20 UTC] PHP Warning:  PHP Startup: Unable to load dynamic library 'pdf.so' (tried: /usr/local/lib/php/20170718/pdf.so (Shared object "libpdf.so.6" not found, required by "pdf.so"), /usr/local/lib/php/20170718/pdf.so.so (Cannot open "/usr/local/lib/php/20170718/pdf.so.so")) in Unknown on line 0
[21-Jun-2019 15:30:43 UTC] PHP Warning:  PHP Startup: Unable to load dynamic library 'apcu.so' (tried: /usr/local/lib/php/20170718/apcu.so (Cannot open "/usr/local/lib/php/20170718/apcu.so"), /usr/local/lib/php/20170718/apcu.so.so (Cannot open "/usr/local/lib/php/20170718/apcu.so.so")) in Unknown on line 0
[21-Jun-2019 15:30:43 UTC] PHP Warning:  PHP Startup: Unable to load dynamic library 'pdf.so' (tried: /usr/local/lib/php/20170718/pdf.so (Shared object "libpdf.so.6" not found, required by "pdf.so"), /usr/local/lib/php/20170718/pdf.so.so (Cannot open "/usr/local/lib/php/20170718/pdf.so.so")) in Unknown on line 0
[21-Jun-2019 15:31:20 UTC] PHP Warning:  PHP Startup: Unable to load dynamic library 'apcu.so' (tried: /usr/local/lib/php/20170718/apcu.so (Cannot open "/usr/local/lib/php/20170718/apcu.so"), /usr/local/lib/php/20170718/apcu.so.so (Cannot open "/usr/local/lib/php/20170718/apcu.so.so")) in Unknown on line 0
[21-Jun-2019 15:31:20 UTC] PHP Warning:  PHP Startup: Unable to load dynamic library 'pdf.so' (tried: /usr/local/lib/php/20170718/pdf.so (Shared object "libpdf.so.6" not found, required by "pdf.so"), /usr/local/lib/php/20170718/pdf.so.so (Cannot open "/usr/local/lib/php/20170718/pdf.so.so")) in Unknown on line 0
[21-Jun-2019 15:31:56 UTC] PHP Warning:  PHP Startup: Unable to load dynamic library 'apcu.so' (tried: /usr/local/lib/php/20170718/apcu.so (Cannot open "/usr/local/lib/php/20170718/apcu.so"), /usr/local/lib/php/20170718/apcu.so.so (Cannot open "/usr/local/lib/php/20170718/apcu.so.so")) in Unknown on line 0
[21-Jun-2019 15:31:56 UTC] PHP Warning:  PHP Startup: Unable to load dynamic library 'pdf.so' (tried: /usr/local/lib/php/20170718/pdf.so (Shared object "libpdf.so.6" not found, required by "pdf.so"), /usr/local/lib/php/20170718/pdf.so.so (Cannot open "/usr/local/lib/php/20170718/pdf.so.so")) in Unknown on line 0
[21-Jun-2019 15:32:38 UTC] PHP Warning:  PHP Startup: Unable to load dynamic library 'apcu.so' (tried: /usr/local/lib/php/20170718/apcu.so (Cannot open "/usr/local/lib/php/20170718/apcu.so"), /usr/local/lib/php/20170718/apcu.so.so (Cannot open "/usr/local/lib/php/20170718/apcu.so.so")) in Unknown on line 0
[21-Jun-2019 15:32:38 UTC] PHP Warning:  PHP Startup: Unable to load dynamic library 'pdf.so' (tried: /usr/local/lib/php/20170718/pdf.so (Shared object "libpdf.so.6" not found, required by "pdf.so"), /usr/local/lib/php/20170718/pdf.so.so (Cannot open "/usr/local/lib/php/20170718/pdf.so.so")) in Unknown on line 0
[21-Jun-2019 15:46:31 UTC] PHP Warning:  PHP Startup: Unable to load dynamic library 'apcu.so' (tried: /usr/local/lib/php/20170718/apcu.so (Cannot open "/usr/local/lib/php/20170718/apcu.so"), /usr/local/lib/php/20170718/apcu.so.so (Cannot open "/usr/local/lib/php/20170718/apcu.so.so")) in Unknown on line 0
[21-Jun-2019 15:46:31 UTC] PHP Warning:  PHP Startup: Unable to load dynamic library 'pdf.so' (tried: /usr/local/lib/php/20170718/pdf.so (Shared object "libpdf.so.6" not found, required by "pdf.so"), /usr/local/lib/php/20170718/pdf.so.so (Cannot open "/usr/local/lib/php/20170718/pdf.so.so")) in Unknown on line 0
[21-Jun-2019 15:46:32 UTC] PHP Notice:  Undefined variable: dia in /usr/home/gustavo.assuncao/public_html/iot/daily.php on line 71
[21-Jun-2019 15:46:32 UTC] PHP Notice:  Undefined variable: dia in /usr/home/gustavo.assuncao/public_html/iot/daily.php on line 71
[21-Jun-2019 15:46:32 UTC] PHP Notice:  Undefined variable: dia in /usr/home/gustavo.assuncao/public_html/iot/daily.php on line 71
[21-Jun-2019 15:46:32 UTC] PHP Notice:  Undefined variable: dia in /usr/home/gustavo.assuncao/public_html/iot/daily.php on line 71
[21-Jun-2019 15:46:32 UTC] PHP Notice:  Undefined variable: dia in /usr/home/gustavo.assuncao/public_html/iot/daily.php on line 71
[21-Jun-2019 15:46:32 UTC] PHP Notice:  Undefined variable: dia in /usr/home/gustavo.assuncao/public_html/iot/daily.php on line 71
[21-Jun-2019 15:46:32 UTC] PHP Notice:  Undefined variable: dia in /usr/home/gustavo.assuncao/public_html/iot/daily.php on line 71
[21-Jun-2019 15:46:32 UTC] PHP Notice:  Undefined variable: dia in /usr/home/gustavo.assuncao/public_html/iot/daily.php on line 79
[21-Jun-2019 15:46:32 UTC] PHP Notice:  Undefined variable: dia in /usr/home/gustavo.assuncao/public_html/iot/daily.php on line 80
[21-Jun-2019 15:46:32 UTC] PHP Notice:  Undefined variable: dia in /usr/home/gustavo.assuncao/public_html/iot/daily.php on line 81
[21-Jun-2019 15:46:32 UTC] PHP Notice:  Undefined variable: dia in /usr/home/gustavo.assuncao/public_html/iot/daily.php on line 82
[21-Jun-2019 15:46:32 UTC] PHP Notice:  Undefined variable: dia in /usr/home/gustavo.assuncao/public_html/iot/daily.php on line 83
[21-Jun-2019 15:46:32 UTC] PHP Notice:  Undefined variable: dia in /usr/home/gustavo.assuncao/public_html/iot/daily.php on line 84
[21-Jun-2019 15:46:32 UTC] PHP Notice:  Undefined variable: dia in /usr/home/gustavo.assuncao/public_html/iot/daily.php on line 85
[21-Jun-2019 15:46:32 UTC] PHP Notice:  Undefined variable: dia in /usr/home/gustavo.assuncao/public_html/iot/daily.php on line 98
[21-Jun-2019 15:46:32 UTC] PHP Notice:  Undefined variable: dia in /usr/home/gustavo.assuncao/public_html/iot/daily.php on line 105
[21-Jun-2019 15:46:32 UTC] PHP Notice:  Undefined variable: dia in /usr/home/gustavo.assuncao/public_html/iot/daily.php on line 112
[21-Jun-2019 15:46:32 UTC] PHP Notice:  Undefined variable: dia in /usr/home/gustavo.assuncao/public_html/iot/daily.php on line 119
[21-Jun-2019 15:46:32 UTC] PHP Notice:  Undefined variable: dia in /usr/home/gustavo.assuncao/public_html/iot/daily.php on line 126
[21-Jun-2019 15:46:32 UTC] PHP Notice:  Undefined variable: dia in /usr/home/gustavo.assuncao/public_html/iot/daily.php on line 133
[21-Jun-2019 15:46:32 UTC] PHP Notice:  Undefined variable: dia in /usr/home/gustavo.assuncao/public_html/iot/daily.php on line 140
[21-Jun-2019 15:47:13 UTC] PHP Warning:  PHP Startup: Unable to load dynamic library 'apcu.so' (tried: /usr/local/lib/php/20170718/apcu.so (Cannot open "/usr/local/lib/php/20170718/apcu.so"), /usr/local/lib/php/20170718/apcu.so.so (Cannot open "/usr/local/lib/php/20170718/apcu.so.so")) in Unknown on line 0
[21-Jun-2019 15:47:13 UTC] PHP Warning:  PHP Startup: Unable to load dynamic library 'pdf.so' (tried: /usr/local/lib/php/20170718/pdf.so (Shared object "libpdf.so.6" not found, required by "pdf.so"), /usr/local/lib/php/20170718/pdf.so.so (Cannot open "/usr/local/lib/php/20170718/pdf.so.so")) in Unknown on line 0
[21-Jun-2019 15:49:35 UTC] PHP Warning:  PHP Startup: Unable to load dynamic library 'apcu.so' (tried: /usr/local/lib/php/20170718/apcu.so (Cannot open "/usr/local/lib/php/20170718/apcu.so"), /usr/local/lib/php/20170718/apcu.so.so (Cannot open "/usr/local/lib/php/20170718/apcu.so.so")) in Unknown on line 0
[21-Jun-2019 15:49:35 UTC] PHP Warning:  PHP Startup: Unable to load dynamic library 'pdf.so' (tried: /usr/local/lib/php/20170718/pdf.so (Shared object "libpdf.so.6" not found, required by "pdf.so"), /usr/local/lib/php/20170718/pdf.so.so (Cannot open "/usr/local/lib/php/20170718/pdf.so.so")) in Unknown on line 0
[21-Jun-2019 15:50:26 UTC] PHP Warning:  PHP Startup: Unable to load dynamic library 'apcu.so' (tried: /usr/local/lib/php/20170718/apcu.so (Cannot open "/usr/local/lib/php/20170718/apcu.so"), /usr/local/lib/php/20170718/apcu.so.so (Cannot open "/usr/local/lib/php/20170718/apcu.so.so")) in Unknown on line 0
[21-Jun-2019 15:50:26 UTC] PHP Warning:  PHP Startup: Unable to load dynamic library 'pdf.so' (tried: /usr/local/lib/php/20170718/pdf.so (Shared object "libpdf.so.6" not found, required by "pdf.so"), /usr/local/lib/php/20170718/pdf.so.so (Cannot open "/usr/local/lib/php/20170718/pdf.so.so")) in Unknown on line 0
[21-Jun-2019 15:50:27 UTC] PHP Notice:  Undefined offset: 0 in /usr/home/gustavo.assuncao/public_html/iot/daily.php on line 64
[21-Jun-2019 15:52:09 UTC] PHP Warning:  PHP Startup: Unable to load dynamic library 'apcu.so' (tried: /usr/local/lib/php/20170718/apcu.so (Cannot open "/usr/local/lib/php/20170718/apcu.so"), /usr/local/lib/php/20170718/apcu.so.so (Cannot open "/usr/local/lib/php/20170718/apcu.so.so")) in Unknown on line 0
[21-Jun-2019 15:52:09 UTC] PHP Warning:  PHP Startup: Unable to load dynamic library 'pdf.so' (tried: /usr/local/lib/php/20170718/pdf.so (Shared object "libpdf.so.6" not found, required by "pdf.so"), /usr/local/lib/php/20170718/pdf.so.so (Cannot open "/usr/local/lib/php/20170718/pdf.so.so")) in Unknown on line 0
[21-Jun-2019 16:17:39 UTC] PHP Warning:  PHP Startup: Unable to load dynamic library 'apcu.so' (tried: /usr/local/lib/php/20170718/apcu.so (Cannot open "/usr/local/lib/php/20170718/apcu.so"), /usr/local/lib/php/20170718/apcu.so.so (Cannot open "/usr/local/lib/php/20170718/apcu.so.so")) in Unknown on line 0
[21-Jun-2019 16:17:39 UTC] PHP Warning:  PHP Startup: Unable to load dynamic library 'pdf.so' (tried: /usr/local/lib/php/20170718/pdf.so (Shared object "libpdf.so.6" not found, required by "pdf.so"), /usr/local/lib/php/20170718/pdf.so.so (Cannot open "/usr/local/lib/php/20170718/pdf.so.so")) in Unknown on line 0
[21-Jun-2019 16:17:39 UTC] PHP Parse error:  syntax error, unexpected '*', expecting end of file in /usr/home/gustavo.assuncao/public_html/iot/garage.php on line 139
[21-Jun-2019 16:18:06 UTC] PHP Warning:  PHP Startup: Unable to load dynamic library 'apcu.so' (tried: /usr/local/lib/php/20170718/apcu.so (Cannot open "/usr/local/lib/php/20170718/apcu.so"), /usr/local/lib/php/20170718/apcu.so.so (Cannot open "/usr/local/lib/php/20170718/apcu.so.so")) in Unknown on line 0
[21-Jun-2019 16:18:06 UTC] PHP Warning:  PHP Startup: Unable to load dynamic library 'pdf.so' (tried: /usr/local/lib/php/20170718/pdf.so (Shared object "libpdf.so.6" not found, required by "pdf.so"), /usr/local/lib/php/20170718/pdf.so.so (Cannot open "/usr/local/lib/php/20170718/pdf.so.so")) in Unknown on line 0
[21-Jun-2019 16:18:06 UTC] PHP Parse error:  syntax error, unexpected '*', expecting end of file in /usr/home/gustavo.assuncao/public_html/iot/garage.php on line 139
[21-Jun-2019 16:18:53 UTC] PHP Warning:  PHP Startup: Unable to load dynamic library 'apcu.so' (tried: /usr/local/lib/php/20170718/apcu.so (Cannot open "/usr/local/lib/php/20170718/apcu.so"), /usr/local/lib/php/20170718/apcu.so.so (Cannot open "/usr/local/lib/php/20170718/apcu.so.so")) in Unknown on line 0
[21-Jun-2019 16:18:53 UTC] PHP Warning:  PHP Startup: Unable to load dynamic library 'pdf.so' (tried: /usr/local/lib/php/20170718/pdf.so (Shared object "libpdf.so.6" not found, required by "pdf.so"), /usr/local/lib/php/20170718/pdf.so.so (Cannot open "/usr/local/lib/php/20170718/pdf.so.so")) in Unknown on line 0
[21-Jun-2019 16:18:53 UTC] PHP Parse error:  syntax error, unexpected '*', expecting end of file in /usr/home/gustavo.assuncao/public_html/iot/garage.php on line 139
[21-Jun-2019 16:19:01 UTC] PHP Warning:  PHP Startup: Unable to load dynamic library 'apcu.so' (tried: /usr/local/lib/php/20170718/apcu.so (Cannot open "/usr/local/lib/php/20170718/apcu.so"), /usr/local/lib/php/20170718/apcu.so.so (Cannot open "/usr/local/lib/php/20170718/apcu.so.so")) in Unknown on line 0
[21-Jun-2019 16:19:01 UTC] PHP Warning:  PHP Startup: Unable to load dynamic library 'pdf.so' (tried: /usr/local/lib/php/20170718/pdf.so (Shared object "libpdf.so.6" not found, required by "pdf.so"), /usr/local/lib/php/20170718/pdf.so.so (Cannot open "/usr/local/lib/php/20170718/pdf.so.so")) in Unknown on line 0
[21-Jun-2019 16:19:01 UTC] PHP Parse error:  syntax error, unexpected '*', expecting end of file in /usr/home/gustavo.assuncao/public_html/iot/garage.php on line 139
[21-Jun-2019 16:19:10 UTC] PHP Warning:  PHP Startup: Unable to load dynamic library 'apcu.so' (tried: /usr/local/lib/php/20170718/apcu.so (Cannot open "/usr/local/lib/php/20170718/apcu.so"), /usr/local/lib/php/20170718/apcu.so.so (Cannot open "/usr/local/lib/php/20170718/apcu.so.so")) in Unknown on line 0
[21-Jun-2019 16:19:10 UTC] PHP Warning:  PHP Startup: Unable to load dynamic library 'pdf.so' (tried: /usr/local/lib/php/20170718/pdf.so (Shared object "libpdf.so.6" not found, required by "pdf.so"), /usr/local/lib/php/20170718/pdf.so.so (Cannot open "/usr/local/lib/php/20170718/pdf.so.so")) in Unknown on line 0
[21-Jun-2019 16:19:10 UTC] PHP Parse error:  syntax error, unexpected '*', expecting end of file in /usr/home/gustavo.assuncao/public_html/iot/garage.php on line 141
[21-Jun-2019 16:19:36 UTC] PHP Warning:  PHP Startup: Unable to load dynamic library 'apcu.so' (tried: /usr/local/lib/php/20170718/apcu.so (Cannot open "/usr/local/lib/php/20170718/apcu.so"), /usr/local/lib/php/20170718/apcu.so.so (Cannot open "/usr/local/lib/php/20170718/apcu.so.so")) in Unknown on line 0
[21-Jun-2019 16:19:36 UTC] PHP Warning:  PHP Startup: Unable to load dynamic library 'pdf.so' (tried: /usr/local/lib/php/20170718/pdf.so (Shared object "libpdf.so.6" not found, required by "pdf.so"), /usr/local/lib/php/20170718/pdf.so.so (Cannot open "/usr/local/lib/php/20170718/pdf.so.so")) in Unknown on line 0
[21-Jun-2019 16:19:36 UTC] PHP Parse error:  syntax error, unexpected '*', expecting end of file in /usr/home/gustavo.assuncao/public_html/iot/garage.php on line 136
